[2025-12-01T13:00:03.981+0000] {taskinstance.py:1979} INFO - Dependencies all met for dep_context=non-requeueable deps ti=<TaskInstance: conversion_rate_analytics.extract_all_events manual__2025-12-01T12:57:41+00:00 [queued]>
[2025-12-01T13:00:03.995+0000] {taskinstance.py:1979} INFO - Dependencies all met for dep_context=requeueable deps ti=<TaskInstance: conversion_rate_analytics.extract_all_events manual__2025-12-01T12:57:41+00:00 [queued]>
[2025-12-01T13:00:03.996+0000] {taskinstance.py:2193} INFO - Starting attempt 1 of 2
[2025-12-01T13:00:04.020+0000] {taskinstance.py:2217} INFO - Executing <Task(PythonOperator): extract_all_events> on 2025-12-01 12:57:41+00:00
[2025-12-01T13:00:04.028+0000] {standard_task_runner.py:60} INFO - Started process 699 to run task
[2025-12-01T13:00:04.034+0000] {standard_task_runner.py:87} INFO - Running: ['***', 'tasks', 'run', 'conversion_rate_analytics', 'extract_all_events', 'manual__2025-12-01T12:57:41+00:00', '--job-id', '6', '--raw', '--subdir', 'DAGS_FOLDER/conversion_rate_analytics_dag.py', '--cfg-path', '/tmp/tmpq1zeblj2']
[2025-12-01T13:00:04.038+0000] {standard_task_runner.py:88} INFO - Job 6: Subtask extract_all_events
[2025-12-01T13:00:04.136+0000] {task_command.py:423} INFO - Running <TaskInstance: conversion_rate_analytics.extract_all_events manual__2025-12-01T12:57:41+00:00 [running]> on host d4a7043b2403
[2025-12-01T13:00:04.270+0000] {taskinstance.py:2513} INFO - Exporting env vars: AIRFLOW_CTX_DAG_OWNER='***' AIRFLOW_CTX_DAG_ID='conversion_rate_analytics' AIRFLOW_CTX_TASK_ID='extract_all_events' AIRFLOW_CTX_EXECUTION_DATE='2025-12-01T12:57:41+00:00' AIRFLOW_CTX_TRY_NUMBER='1' AIRFLOW_CTX_DAG_RUN_ID='manual__2025-12-01T12:57:41+00:00'
[2025-12-01T13:00:04.273+0000] {logging_mixin.py:188} INFO - ================================================================================
[2025-12-01T13:00:04.274+0000] {logging_mixin.py:188} INFO - 📊 TASK 1: Extracting All Clickstream Events
[2025-12-01T13:00:04.275+0000] {logging_mixin.py:188} INFO - ================================================================================
[2025-12-01T13:00:04.286+0000] {logging_mixin.py:188} WARNING - /home/***/.local/lib/python3.8/site-packages/***/utils/context.py:315 AirflowContextDeprecationWarning: Accessing 'execution_date' from the template is deprecated and will be removed in a future version. Please use 'data_interval_start' or 'logical_date' instead.
[2025-12-01T13:00:04.452+0000] {logging_mixin.py:188} INFO - 
✅ Extracted 3000 total events
[2025-12-01T13:00:04.453+0000] {logging_mixin.py:188} INFO - 📅 Date: 2025-12-01
[2025-12-01T13:00:04.454+0000] {logging_mixin.py:188} INFO - 
Event Type Distribution:
[2025-12-01T13:00:04.478+0000] {logging_mixin.py:188} INFO - event_type
view           2248
add_to_cart     512
purchase        240
Name: count, dtype: int64
[2025-12-01T13:00:04.480+0000] {logging_mixin.py:188} INFO - 
Category Distribution:
[2025-12-01T13:00:04.482+0000] {logging_mixin.py:188} INFO - product_category
Electronics      1139
Clothing          619
Home & Garden     510
Sports            411
Books             321
Name: count, dtype: int64
[2025-12-01T13:00:04.560+0000] {python.py:202} INFO - Done. Returned value was: Extracted 3000 events
[2025-12-01T13:00:04.589+0000] {taskinstance.py:1149} INFO - Marking task as SUCCESS. dag_id=conversion_rate_analytics, task_id=extract_all_events, execution_date=20251201T125741, start_date=20251201T130003, end_date=20251201T130004
[2025-12-01T13:00:04.650+0000] {local_task_job_runner.py:234} INFO - Task exited with return code 0
[2025-12-01T13:00:04.692+0000] {taskinstance.py:3312} INFO - 1 downstream tasks scheduled from follow-on schedule check
