[2025-12-01T13:05:55.807+0000] {taskinstance.py:1979} INFO - Dependencies all met for dep_context=non-requeueable deps ti=<TaskInstance: daily_user_segmentation.generate_email_report manual__2025-12-01T12:57:29+00:00 [queued]>
[2025-12-01T13:05:55.822+0000] {taskinstance.py:1979} INFO - Dependencies all met for dep_context=requeueable deps ti=<TaskInstance: daily_user_segmentation.generate_email_report manual__2025-12-01T12:57:29+00:00 [queued]>
[2025-12-01T13:05:55.823+0000] {taskinstance.py:2193} INFO - Starting attempt 1 of 2
[2025-12-01T13:05:55.848+0000] {taskinstance.py:2217} INFO - Executing <Task(PythonOperator): generate_email_report> on 2025-12-01 12:57:29+00:00
[2025-12-01T13:05:55.859+0000] {standard_task_runner.py:60} INFO - Started process 983 to run task
[2025-12-01T13:05:55.870+0000] {standard_task_runner.py:87} INFO - Running: ['***', 'tasks', 'run', 'daily_user_segmentation', 'generate_email_report', 'manual__2025-12-01T12:57:29+00:00', '--job-id', '27', '--raw', '--subdir', 'DAGS_FOLDER/daily_user_segmentation_dag.py', '--cfg-path', '/tmp/tmp4vayx6kp']
[2025-12-01T13:05:55.876+0000] {standard_task_runner.py:88} INFO - Job 27: Subtask generate_email_report
[2025-12-01T13:05:56.006+0000] {task_command.py:423} INFO - Running <TaskInstance: daily_user_segmentation.generate_email_report manual__2025-12-01T12:57:29+00:00 [running]> on host d4a7043b2403
[2025-12-01T13:05:56.163+0000] {taskinstance.py:2513} INFO - Exporting env vars: AIRFLOW_CTX_DAG_OWNER='***' AIRFLOW_CTX_DAG_ID='daily_user_segmentation' AIRFLOW_CTX_TASK_ID='generate_email_report' AIRFLOW_CTX_EXECUTION_DATE='2025-12-01T12:57:29+00:00' AIRFLOW_CTX_TRY_NUMBER='1' AIRFLOW_CTX_DAG_RUN_ID='manual__2025-12-01T12:57:29+00:00'
[2025-12-01T13:05:56.167+0000] {logging_mixin.py:188} INFO - ================================================================================
[2025-12-01T13:05:56.168+0000] {logging_mixin.py:188} INFO - 📧 TASK 4: Generating Email Report
[2025-12-01T13:05:56.169+0000] {logging_mixin.py:188} INFO - ================================================================================
[2025-12-01T13:05:56.187+0000] {logging_mixin.py:188} INFO - 
================================================================================
📊 DAILY USER SEGMENTATION REPORT
================================================================================

Analysis Date: 2025-12-01
Generated: 2025-12-01 13:05:56

================================================================================
SUMMARY STATISTICS
================================================================================

Total Users Analyzed:        100
Buyers (Made Purchase):      61 (61.0%)
Window Shoppers (No Buy):    39 (39.00%)

================================================================================
KEY INSIGHTS
================================================================================

✅ Buyer Conversion Rate: 61.0%
⚠️  39 users browsed but didn't purchase
💡 Recommendation: Target window shoppers with personalized offers

================================================================================
NEXT STEPS
================================================================================

1. Send retargeting emails to window shoppers
2. Analyze which products had high views but low conversions
3. Consider flash sales for high-interest, low-purchase products

================================================================================
        
[2025-12-01T13:05:56.199+0000] {logging_mixin.py:188} WARNING - /home/***/.local/lib/python3.8/site-packages/***/utils/context.py:315 AirflowContextDeprecationWarning: Accessing 'execution_date' from the template is deprecated and will be removed in a future version. Please use 'data_interval_start' or 'logical_date' instead.
[2025-12-01T13:05:56.200+0000] {logging_mixin.py:188} INFO - 
✅ Report generated successfully
[2025-12-01T13:05:56.201+0000] {logging_mixin.py:188} INFO - 📁 Report would be saved to: /tmp/user_segmentation_report_20251201.txt
[2025-12-01T13:05:56.202+0000] {python.py:202} INFO - Done. Returned value was: Report generated successfully
[2025-12-01T13:05:56.238+0000] {taskinstance.py:1149} INFO - Marking task as SUCCESS. dag_id=daily_user_segmentation, task_id=generate_email_report, execution_date=20251201T125729, start_date=20251201T130555, end_date=20251201T130556
[2025-12-01T13:05:56.283+0000] {local_task_job_runner.py:234} INFO - Task exited with return code 0
[2025-12-01T13:05:56.311+0000] {taskinstance.py:3312} INFO - 0 downstream tasks scheduled from follow-on schedule check
