[2025-12-01T13:06:16.130+0000] {taskinstance.py:1979} INFO - Dependencies all met for dep_context=non-requeueable deps ti=<TaskInstance: top_products_daily_report.calculate_top_products manual__2025-12-01T13:06:11.869285+00:00 [queued]>
[2025-12-01T13:06:16.145+0000] {taskinstance.py:1979} INFO - Dependencies all met for dep_context=requeueable deps ti=<TaskInstance: top_products_daily_report.calculate_top_products manual__2025-12-01T13:06:11.869285+00:00 [queued]>
[2025-12-01T13:06:16.146+0000] {taskinstance.py:2193} INFO - Starting attempt 1 of 2
[2025-12-01T13:06:16.167+0000] {taskinstance.py:2217} INFO - Executing <Task(PythonOperator): calculate_top_products> on 2025-12-01 13:06:11.869285+00:00
[2025-12-01T13:06:16.177+0000] {standard_task_runner.py:60} INFO - Started process 1025 to run task
[2025-12-01T13:06:16.182+0000] {standard_task_runner.py:87} INFO - Running: ['***', 'tasks', 'run', 'top_products_daily_report', 'calculate_top_products', 'manual__2025-12-01T13:06:11.869285+00:00', '--job-id', '34', '--raw', '--subdir', 'DAGS_FOLDER/top_products_daily_dag.py', '--cfg-path', '/tmp/tmp58uewd96']
[2025-12-01T13:06:16.188+0000] {standard_task_runner.py:88} INFO - Job 34: Subtask calculate_top_products
[2025-12-01T13:06:16.294+0000] {task_command.py:423} INFO - Running <TaskInstance: top_products_daily_report.calculate_top_products manual__2025-12-01T13:06:11.869285+00:00 [running]> on host d4a7043b2403
[2025-12-01T13:06:16.404+0000] {taskinstance.py:2513} INFO - Exporting env vars: AIRFLOW_CTX_DAG_OWNER='***' AIRFLOW_CTX_DAG_ID='top_products_daily_report' AIRFLOW_CTX_TASK_ID='calculate_top_products' AIRFLOW_CTX_EXECUTION_DATE='2025-12-01T13:06:11.869285+00:00' AIRFLOW_CTX_TRY_NUMBER='1' AIRFLOW_CTX_DAG_RUN_ID='manual__2025-12-01T13:06:11.869285+00:00'
[2025-12-01T13:06:16.406+0000] {logging_mixin.py:188} INFO - ================================================================================
[2025-12-01T13:06:16.407+0000] {logging_mixin.py:188} INFO - 🔢 TASK 2: Calculating Top 5 Products
[2025-12-01T13:06:16.408+0000] {logging_mixin.py:188} INFO - ================================================================================
[2025-12-01T13:06:16.486+0000] {logging_mixin.py:188} INFO - 
✅ Top 5 Most Viewed Products:
[2025-12-01T13:06:16.487+0000] {logging_mixin.py:188} INFO - ================================================================================
[2025-12-01T13:06:16.488+0000] {logging_mixin.py:188} INFO - #1 prod_0042
[2025-12-01T13:06:16.488+0000] {logging_mixin.py:188} INFO -    Category: Sports
[2025-12-01T13:06:16.489+0000] {logging_mixin.py:188} INFO -    Total Views: 427
[2025-12-01T13:06:16.490+0000] {logging_mixin.py:188} INFO -    Unique Viewers: 292
[2025-12-01T13:06:16.491+0000] {logging_mixin.py:188} INFO -    Avg Price: $515.98
[2025-12-01T13:06:16.491+0000] {logging_mixin.py:188} INFO -    View Repeat Rate: 1.46x
[2025-12-01T13:06:16.492+0000] {logging_mixin.py:188} INFO - --------------------------------------------------------------------------------
[2025-12-01T13:06:16.493+0000] {logging_mixin.py:188} INFO - #2 prod_0078
[2025-12-01T13:06:16.494+0000] {logging_mixin.py:188} INFO -    Category: Electronics
[2025-12-01T13:06:16.495+0000] {logging_mixin.py:188} INFO -    Total Views: 28
[2025-12-01T13:06:16.496+0000] {logging_mixin.py:188} INFO -    Unique Viewers: 27
[2025-12-01T13:06:16.496+0000] {logging_mixin.py:188} INFO -    Avg Price: $460.19
[2025-12-01T13:06:16.497+0000] {logging_mixin.py:188} INFO -    View Repeat Rate: 1.04x
[2025-12-01T13:06:16.498+0000] {logging_mixin.py:188} INFO - --------------------------------------------------------------------------------
[2025-12-01T13:06:16.499+0000] {logging_mixin.py:188} INFO - #3 prod_0065
[2025-12-01T13:06:16.500+0000] {logging_mixin.py:188} INFO -    Category: Sports
[2025-12-01T13:06:16.501+0000] {logging_mixin.py:188} INFO -    Total Views: 25
[2025-12-01T13:06:16.502+0000] {logging_mixin.py:188} INFO -    Unique Viewers: 22
[2025-12-01T13:06:16.502+0000] {logging_mixin.py:188} INFO -    Avg Price: $533.06
[2025-12-01T13:06:16.503+0000] {logging_mixin.py:188} INFO -    View Repeat Rate: 1.14x
[2025-12-01T13:06:16.504+0000] {logging_mixin.py:188} INFO - --------------------------------------------------------------------------------
[2025-12-01T13:06:16.505+0000] {logging_mixin.py:188} INFO - #4 prod_0071
[2025-12-01T13:06:16.506+0000] {logging_mixin.py:188} INFO -    Category: Electronics
[2025-12-01T13:06:16.506+0000] {logging_mixin.py:188} INFO -    Total Views: 25
[2025-12-01T13:06:16.507+0000] {logging_mixin.py:188} INFO -    Unique Viewers: 24
[2025-12-01T13:06:16.508+0000] {logging_mixin.py:188} INFO -    Avg Price: $595.37
[2025-12-01T13:06:16.509+0000] {logging_mixin.py:188} INFO -    View Repeat Rate: 1.04x
[2025-12-01T13:06:16.509+0000] {logging_mixin.py:188} INFO - --------------------------------------------------------------------------------
[2025-12-01T13:06:16.510+0000] {logging_mixin.py:188} INFO - #5 prod_0002
[2025-12-01T13:06:16.511+0000] {logging_mixin.py:188} INFO -    Category: Clothing
[2025-12-01T13:06:16.512+0000] {logging_mixin.py:188} INFO -    Total Views: 23
[2025-12-01T13:06:16.513+0000] {logging_mixin.py:188} INFO -    Unique Viewers: 23
[2025-12-01T13:06:16.513+0000] {logging_mixin.py:188} INFO -    Avg Price: $503.07
[2025-12-01T13:06:16.514+0000] {logging_mixin.py:188} INFO -    View Repeat Rate: 1.00x
[2025-12-01T13:06:16.515+0000] {logging_mixin.py:188} INFO - --------------------------------------------------------------------------------
[2025-12-01T13:06:16.541+0000] {python.py:202} INFO - Done. Returned value was: [{'product_id': 'prod_0042', 'total_views': 427, 'category': 'Sports', 'avg_price': 515.98, 'unique_viewers': 292, 'rank': 1}, {'product_id': 'prod_0078', 'total_views': 28, 'category': 'Electronics', 'avg_price': 460.19, 'unique_viewers': 27, 'rank': 2}, {'product_id': 'prod_0065', 'total_views': 25, 'category': 'Sports', 'avg_price': 533.06, 'unique_viewers': 22, 'rank': 3}, {'product_id': 'prod_0071', 'total_views': 25, 'category': 'Electronics', 'avg_price': 595.37, 'unique_viewers': 24, 'rank': 4}, {'product_id': 'prod_0002', 'total_views': 23, 'category': 'Clothing', 'avg_price': 503.07, 'unique_viewers': 23, 'rank': 5}]
[2025-12-01T13:06:16.569+0000] {taskinstance.py:1149} INFO - Marking task as SUCCESS. dag_id=top_products_daily_report, task_id=calculate_top_products, execution_date=20251201T130611, start_date=20251201T130616, end_date=20251201T130616
[2025-12-01T13:06:16.596+0000] {local_task_job_runner.py:234} INFO - Task exited with return code 0
[2025-12-01T13:06:16.626+0000] {taskinstance.py:3312} INFO - 2 downstream tasks scheduled from follow-on schedule check
