[2025-12-01T13:06:17.945+0000] {taskinstance.py:1979} INFO - Dependencies all met for dep_context=non-requeueable deps ti=<TaskInstance: top_products_daily_report.save_top_products manual__2025-12-01T13:06:11.869285+00:00 [queued]>
[2025-12-01T13:06:17.965+0000] {taskinstance.py:1979} INFO - Dependencies all met for dep_context=requeueable deps ti=<TaskInstance: top_products_daily_report.save_top_products manual__2025-12-01T13:06:11.869285+00:00 [queued]>
[2025-12-01T13:06:17.966+0000] {taskinstance.py:2193} INFO - Starting attempt 1 of 2
[2025-12-01T13:06:17.995+0000] {taskinstance.py:2217} INFO - Executing <Task(PythonOperator): save_top_products> on 2025-12-01 13:06:11.869285+00:00
[2025-12-01T13:06:18.009+0000] {standard_task_runner.py:60} INFO - Started process 1055 to run task
[2025-12-01T13:06:18.017+0000] {standard_task_runner.py:87} INFO - Running: ['***', 'tasks', 'run', 'top_products_daily_report', 'save_top_products', 'manual__2025-12-01T13:06:11.869285+00:00', '--job-id', '37', '--raw', '--subdir', 'DAGS_FOLDER/top_products_daily_dag.py', '--cfg-path', '/tmp/tmplv0t9rvi']
[2025-12-01T13:06:18.027+0000] {standard_task_runner.py:88} INFO - Job 37: Subtask save_top_products
[2025-12-01T13:06:18.194+0000] {task_command.py:423} INFO - Running <TaskInstance: top_products_daily_report.save_top_products manual__2025-12-01T13:06:11.869285+00:00 [running]> on host d4a7043b2403
[2025-12-01T13:06:18.386+0000] {taskinstance.py:2513} INFO - Exporting env vars: AIRFLOW_CTX_DAG_OWNER='***' AIRFLOW_CTX_DAG_ID='top_products_daily_report' AIRFLOW_CTX_TASK_ID='save_top_products' AIRFLOW_CTX_EXECUTION_DATE='2025-12-01T13:06:11.869285+00:00' AIRFLOW_CTX_TRY_NUMBER='1' AIRFLOW_CTX_DAG_RUN_ID='manual__2025-12-01T13:06:11.869285+00:00'
[2025-12-01T13:06:18.389+0000] {logging_mixin.py:188} INFO - ================================================================================
[2025-12-01T13:06:18.390+0000] {logging_mixin.py:188} INFO - 💾 TASK 3: Saving Top Products to Database
[2025-12-01T13:06:18.391+0000] {logging_mixin.py:188} INFO - ================================================================================
[2025-12-01T13:06:18.520+0000] {logging_mixin.py:188} WARNING - /home/***/.local/lib/python3.8/site-packages/***/utils/context.py:315 AirflowContextDeprecationWarning: Accessing 'execution_date' from the template is deprecated and will be removed in a future version. Please use 'data_interval_start' or 'logical_date' instead.
[2025-12-01T13:06:18.523+0000] {logging_mixin.py:188} INFO - 
💾 Saving top 5 products to database...
[2025-12-01T13:06:18.525+0000] {logging_mixin.py:188} INFO - 📅 Analysis Date: 2025-12-01
[2025-12-01T13:06:18.526+0000] {logging_mixin.py:188} INFO - 
✅ Would insert 5 rows into 'top_products_daily'
[2025-12-01T13:06:18.527+0000] {python.py:202} INFO - Done. Returned value was: Top products saved successfully
[2025-12-01T13:06:18.581+0000] {taskinstance.py:1149} INFO - Marking task as SUCCESS. dag_id=top_products_daily_report, task_id=save_top_products, execution_date=20251201T130611, start_date=20251201T130617, end_date=20251201T130618
[2025-12-01T13:06:18.632+0000] {local_task_job_runner.py:234} INFO - Task exited with return code 0
[2025-12-01T13:06:18.673+0000] {taskinstance.py:3312} INFO - 0 downstream tasks scheduled from follow-on schedule check
