[2025-12-01T13:17:41.418+0000] {taskinstance.py:1979} INFO - Dependencies all met for dep_context=non-requeueable deps ti=<TaskInstance: daily_user_segmentation.save_segmentation_results manual__2025-12-01T13:17:34.880749+00:00 [queued]>
[2025-12-01T13:17:41.450+0000] {taskinstance.py:1979} INFO - Dependencies all met for dep_context=requeueable deps ti=<TaskInstance: daily_user_segmentation.save_segmentation_results manual__2025-12-01T13:17:34.880749+00:00 [queued]>
[2025-12-01T13:17:41.461+0000] {taskinstance.py:2193} INFO - Starting attempt 1 of 2
[2025-12-01T13:17:41.499+0000] {taskinstance.py:2217} INFO - Executing <Task(PythonOperator): save_segmentation_results> on 2025-12-01 13:17:34.880749+00:00
[2025-12-01T13:17:41.518+0000] {standard_task_runner.py:60} INFO - Started process 1538 to run task
[2025-12-01T13:17:41.532+0000] {standard_task_runner.py:87} INFO - Running: ['***', 'tasks', 'run', 'daily_user_segmentation', 'save_segmentation_results', 'manual__2025-12-01T13:17:34.880749+00:00', '--job-id', '49', '--raw', '--subdir', 'DAGS_FOLDER/daily_user_segmentation_dag.py', '--cfg-path', '/tmp/tmpokjca4oa']
[2025-12-01T13:17:41.543+0000] {standard_task_runner.py:88} INFO - Job 49: Subtask save_segmentation_results
[2025-12-01T13:17:41.716+0000] {task_command.py:423} INFO - Running <TaskInstance: daily_user_segmentation.save_segmentation_results manual__2025-12-01T13:17:34.880749+00:00 [running]> on host d4a7043b2403
[2025-12-01T13:17:41.880+0000] {taskinstance.py:2513} INFO - Exporting env vars: AIRFLOW_CTX_DAG_OWNER='***' AIRFLOW_CTX_DAG_ID='daily_user_segmentation' AIRFLOW_CTX_TASK_ID='save_segmentation_results' AIRFLOW_CTX_EXECUTION_DATE='2025-12-01T13:17:34.880749+00:00' AIRFLOW_CTX_TRY_NUMBER='1' AIRFLOW_CTX_DAG_RUN_ID='manual__2025-12-01T13:17:34.880749+00:00'
[2025-12-01T13:17:41.883+0000] {logging_mixin.py:188} INFO - ================================================================================
[2025-12-01T13:17:41.884+0000] {logging_mixin.py:188} INFO - 💾 TASK 3: Saving Segmentation Results
[2025-12-01T13:17:41.886+0000] {logging_mixin.py:188} INFO - ================================================================================
[2025-12-01T13:17:42.006+0000] {logging_mixin.py:188} WARNING - /home/***/.local/lib/python3.8/site-packages/***/utils/context.py:315 AirflowContextDeprecationWarning: Accessing 'execution_date' from the template is deprecated and will be removed in a future version. Please use 'data_interval_start' or 'logical_date' instead.
[2025-12-01T13:17:42.008+0000] {logging_mixin.py:188} INFO - 
💾 Saving 100 user segments to database...
[2025-12-01T13:17:42.009+0000] {logging_mixin.py:188} INFO - 📅 Analysis Date: 2025-12-01
[2025-12-01T13:17:42.010+0000] {logging_mixin.py:188} INFO - 
✅ Would insert 100 rows into 'user_segmentation_daily'
[2025-12-01T13:17:42.011+0000] {logging_mixin.py:188} INFO - 
📊 Summary Statistics:
[2025-12-01T13:17:42.012+0000] {logging_mixin.py:188} INFO -    total_users: 100
[2025-12-01T13:17:42.012+0000] {logging_mixin.py:188} INFO -    buyers: 67
[2025-12-01T13:17:42.013+0000] {logging_mixin.py:188} INFO -    window_shoppers: 33
[2025-12-01T13:17:42.015+0000] {logging_mixin.py:188} INFO -    buyer_percentage: 67.0
[2025-12-01T13:17:42.016+0000] {logging_mixin.py:188} INFO -    execution_date: 2025-12-01T13:17:34.880749+00:00
[2025-12-01T13:17:42.017+0000] {python.py:202} INFO - Done. Returned value was: {'total_users': 100, 'buyers': 67, 'window_shoppers': 33, 'buyer_percentage': 67.0, 'execution_date': '2025-12-01T13:17:34.880749+00:00'}
[2025-12-01T13:17:42.063+0000] {taskinstance.py:1149} INFO - Marking task as SUCCESS. dag_id=daily_user_segmentation, task_id=save_segmentation_results, execution_date=20251201T131734, start_date=20251201T131741, end_date=20251201T131742
[2025-12-01T13:17:42.158+0000] {local_task_job_runner.py:234} INFO - Task exited with return code 0
[2025-12-01T13:17:42.208+0000] {taskinstance.py:3312} INFO - 0 downstream tasks scheduled from follow-on schedule check
