[2025-12-01T13:06:13.687+0000] {taskinstance.py:1979} INFO - Dependencies all met for dep_context=non-requeueable deps ti=<TaskInstance: top_products_daily_report.extract_product_views manual__2025-12-01T13:06:11.869285+00:00 [queued]>
[2025-12-01T13:06:13.701+0000] {taskinstance.py:1979} INFO - Dependencies all met for dep_context=requeueable deps ti=<TaskInstance: top_products_daily_report.extract_product_views manual__2025-12-01T13:06:11.869285+00:00 [queued]>
[2025-12-01T13:06:13.702+0000] {taskinstance.py:2193} INFO - Starting attempt 1 of 2
[2025-12-01T13:06:13.722+0000] {taskinstance.py:2217} INFO - Executing <Task(PythonOperator): extract_product_views> on 2025-12-01 13:06:11.869285+00:00
[2025-12-01T13:06:13.731+0000] {standard_task_runner.py:60} INFO - Started process 1017 to run task
[2025-12-01T13:06:13.738+0000] {standard_task_runner.py:87} INFO - Running: ['***', 'tasks', 'run', 'top_products_daily_report', 'extract_product_views', 'manual__2025-12-01T13:06:11.869285+00:00', '--job-id', '32', '--raw', '--subdir', 'DAGS_FOLDER/top_products_daily_dag.py', '--cfg-path', '/tmp/tmpqrkc71oo']
[2025-12-01T13:06:13.742+0000] {standard_task_runner.py:88} INFO - Job 32: Subtask extract_product_views
[2025-12-01T13:06:13.856+0000] {task_command.py:423} INFO - Running <TaskInstance: top_products_daily_report.extract_product_views manual__2025-12-01T13:06:11.869285+00:00 [running]> on host d4a7043b2403
[2025-12-01T13:06:13.993+0000] {taskinstance.py:2513} INFO - Exporting env vars: AIRFLOW_CTX_DAG_OWNER='***' AIRFLOW_CTX_DAG_ID='top_products_daily_report' AIRFLOW_CTX_TASK_ID='extract_product_views' AIRFLOW_CTX_EXECUTION_DATE='2025-12-01T13:06:11.869285+00:00' AIRFLOW_CTX_TRY_NUMBER='1' AIRFLOW_CTX_DAG_RUN_ID='manual__2025-12-01T13:06:11.869285+00:00'
[2025-12-01T13:06:13.997+0000] {logging_mixin.py:188} INFO - ================================================================================
[2025-12-01T13:06:13.998+0000] {logging_mixin.py:188} INFO - 📊 TASK 1: Extracting Product View Events
[2025-12-01T13:06:13.998+0000] {logging_mixin.py:188} INFO - ================================================================================
[2025-12-01T13:06:14.007+0000] {logging_mixin.py:188} WARNING - /home/***/.local/lib/python3.8/site-packages/***/utils/context.py:315 AirflowContextDeprecationWarning: Accessing 'execution_date' from the template is deprecated and will be removed in a future version. Please use 'data_interval_start' or 'logical_date' instead.
[2025-12-01T13:06:14.136+0000] {logging_mixin.py:188} INFO - 
✅ Extracted 2000 view events
[2025-12-01T13:06:14.137+0000] {logging_mixin.py:188} INFO - 📅 Date: 2025-12-01
[2025-12-01T13:06:14.138+0000] {logging_mixin.py:188} INFO - 
Top 10 Products by View Count:
[2025-12-01T13:06:14.144+0000] {logging_mixin.py:188} INFO - product_id
prod_0042    427
prod_0078     28
prod_0071     25
prod_0065     25
prod_0002     23
prod_0090     22
prod_0059     21
prod_0062     21
prod_0049     21
prod_0011     21
Name: count, dtype: int64
[2025-12-01T13:06:14.191+0000] {python.py:202} INFO - Done. Returned value was: Extracted 2000 view events
[2025-12-01T13:06:14.219+0000] {taskinstance.py:1149} INFO - Marking task as SUCCESS. dag_id=top_products_daily_report, task_id=extract_product_views, execution_date=20251201T130611, start_date=20251201T130613, end_date=20251201T130614
[2025-12-01T13:06:14.272+0000] {local_task_job_runner.py:234} INFO - Task exited with return code 0
[2025-12-01T13:06:14.313+0000] {taskinstance.py:3312} INFO - 1 downstream tasks scheduled from follow-on schedule check
