[2025-12-01T13:05:54.389+0000] {taskinstance.py:1979} INFO - Dependencies all met for dep_context=non-requeueable deps ti=<TaskInstance: daily_user_segmentation.segment_users manual__2025-12-01T12:54:55+00:00 [queued]>
[2025-12-01T13:05:54.404+0000] {taskinstance.py:1979} INFO - Dependencies all met for dep_context=requeueable deps ti=<TaskInstance: daily_user_segmentation.segment_users manual__2025-12-01T12:54:55+00:00 [queued]>
[2025-12-01T13:05:54.405+0000] {taskinstance.py:2193} INFO - Starting attempt 1 of 2
[2025-12-01T13:05:54.427+0000] {taskinstance.py:2217} INFO - Executing <Task(PythonOperator): segment_users> on 2025-12-01 12:54:55+00:00
[2025-12-01T13:05:54.437+0000] {standard_task_runner.py:60} INFO - Started process 967 to run task
[2025-12-01T13:05:54.445+0000] {standard_task_runner.py:87} INFO - Running: ['***', 'tasks', 'run', 'daily_user_segmentation', 'segment_users', 'manual__2025-12-01T12:54:55+00:00', '--job-id', '23', '--raw', '--subdir', 'DAGS_FOLDER/daily_user_segmentation_dag.py', '--cfg-path', '/tmp/tmp4383c0en']
[2025-12-01T13:05:54.450+0000] {standard_task_runner.py:88} INFO - Job 23: Subtask segment_users
[2025-12-01T13:05:54.556+0000] {task_command.py:423} INFO - Running <TaskInstance: daily_user_segmentation.segment_users manual__2025-12-01T12:54:55+00:00 [running]> on host d4a7043b2403
[2025-12-01T13:05:54.674+0000] {taskinstance.py:2513} INFO - Exporting env vars: AIRFLOW_CTX_DAG_OWNER='***' AIRFLOW_CTX_DAG_ID='daily_user_segmentation' AIRFLOW_CTX_TASK_ID='segment_users' AIRFLOW_CTX_EXECUTION_DATE='2025-12-01T12:54:55+00:00' AIRFLOW_CTX_TRY_NUMBER='1' AIRFLOW_CTX_DAG_RUN_ID='manual__2025-12-01T12:54:55+00:00'
[2025-12-01T13:05:54.677+0000] {logging_mixin.py:188} INFO - ================================================================================
[2025-12-01T13:05:54.678+0000] {logging_mixin.py:188} INFO - 🔍 TASK 2: Segmenting Users
[2025-12-01T13:05:54.679+0000] {logging_mixin.py:188} INFO - ================================================================================
[2025-12-01T13:05:54.724+0000] {logging_mixin.py:188} INFO - 
✅ Segmented 100 users
[2025-12-01T13:05:54.725+0000] {logging_mixin.py:188} INFO - 
Segmentation Results:
[2025-12-01T13:05:54.727+0000] {logging_mixin.py:188} INFO - segment
Buyer             70
Window Shopper    30
Name: count, dtype: int64
[2025-12-01T13:05:54.728+0000] {logging_mixin.py:188} INFO - 
📊 Sample Segments:
[2025-12-01T13:05:54.734+0000] {logging_mixin.py:188} INFO -      user_id         segment  total_events  view_count  cart_count  purchase_count
0  user_0001  Window Shopper             9           7           2               0
1  user_0002           Buyer             7           5           1               1
2  user_0003           Buyer            12           7           4               1
3  user_0004           Buyer            15           9           3               3
4  user_0005           Buyer            14           9           3               2
5  user_0006  Window Shopper             7           6           1               0
6  user_0007           Buyer            15           9           2               4
7  user_0008           Buyer            13           9           3               1
8  user_0009           Buyer            11           7           2               2
9  user_0010           Buyer             9           7           1               1
[2025-12-01T13:05:54.766+0000] {logging_mixin.py:188} WARNING - /home/***/.local/lib/python3.8/site-packages/***/utils/context.py:315 AirflowContextDeprecationWarning: Accessing 'execution_date' from the template is deprecated and will be removed in a future version. Please use 'data_interval_start' or 'logical_date' instead.
[2025-12-01T13:05:54.783+0000] {python.py:202} INFO - Done. Returned value was: {'total_users': 100, 'buyers': 70, 'window_shoppers': 30, 'buyer_percentage': 70.0, 'execution_date': '2025-12-01T12:54:55+00:00'}
[2025-12-01T13:05:54.810+0000] {taskinstance.py:1149} INFO - Marking task as SUCCESS. dag_id=daily_user_segmentation, task_id=segment_users, execution_date=20251201T125455, start_date=20251201T130554, end_date=20251201T130554
[2025-12-01T13:05:54.859+0000] {local_task_job_runner.py:234} INFO - Task exited with return code 0
[2025-12-01T13:05:54.893+0000] {taskinstance.py:3312} INFO - 2 downstream tasks scheduled from follow-on schedule check
