[2025-12-01T13:17:42.790+0000] {taskinstance.py:1979} INFO - Dependencies all met for dep_context=non-requeueable deps ti=<TaskInstance: top_products_daily_report.extract_product_views manual__2025-12-01T13:17:41.106485+00:00 [queued]>
[2025-12-01T13:17:42.803+0000] {taskinstance.py:1979} INFO - Dependencies all met for dep_context=requeueable deps ti=<TaskInstance: top_products_daily_report.extract_product_views manual__2025-12-01T13:17:41.106485+00:00 [queued]>
[2025-12-01T13:17:42.804+0000] {taskinstance.py:2193} INFO - Starting attempt 1 of 2
[2025-12-01T13:17:42.826+0000] {taskinstance.py:2217} INFO - Executing <Task(PythonOperator): extract_product_views> on 2025-12-01 13:17:41.106485+00:00
[2025-12-01T13:17:42.837+0000] {standard_task_runner.py:60} INFO - Started process 1559 to run task
[2025-12-01T13:17:42.842+0000] {standard_task_runner.py:87} INFO - Running: ['***', 'tasks', 'run', 'top_products_daily_report', 'extract_product_views', 'manual__2025-12-01T13:17:41.106485+00:00', '--job-id', '50', '--raw', '--subdir', 'DAGS_FOLDER/top_products_daily_dag.py', '--cfg-path', '/tmp/tmp_k0o9zbh']
[2025-12-01T13:17:42.850+0000] {standard_task_runner.py:88} INFO - Job 50: Subtask extract_product_views
[2025-12-01T13:17:42.949+0000] {task_command.py:423} INFO - Running <TaskInstance: top_products_daily_report.extract_product_views manual__2025-12-01T13:17:41.106485+00:00 [running]> on host d4a7043b2403
[2025-12-01T13:17:43.104+0000] {taskinstance.py:2513} INFO - Exporting env vars: AIRFLOW_CTX_DAG_OWNER='***' AIRFLOW_CTX_DAG_ID='top_products_daily_report' AIRFLOW_CTX_TASK_ID='extract_product_views' AIRFLOW_CTX_EXECUTION_DATE='2025-12-01T13:17:41.106485+00:00' AIRFLOW_CTX_TRY_NUMBER='1' AIRFLOW_CTX_DAG_RUN_ID='manual__2025-12-01T13:17:41.106485+00:00'
[2025-12-01T13:17:43.109+0000] {logging_mixin.py:188} INFO - ================================================================================
[2025-12-01T13:17:43.110+0000] {logging_mixin.py:188} INFO - 📊 TASK 1: Extracting Product View Events
[2025-12-01T13:17:43.112+0000] {logging_mixin.py:188} INFO - ================================================================================
[2025-12-01T13:17:43.131+0000] {logging_mixin.py:188} WARNING - /home/***/.local/lib/python3.8/site-packages/***/utils/context.py:315 AirflowContextDeprecationWarning: Accessing 'execution_date' from the template is deprecated and will be removed in a future version. Please use 'data_interval_start' or 'logical_date' instead.
[2025-12-01T13:17:43.351+0000] {logging_mixin.py:188} INFO - 
✅ Extracted 2000 view events
[2025-12-01T13:17:43.352+0000] {logging_mixin.py:188} INFO - 📅 Date: 2025-12-01
[2025-12-01T13:17:43.353+0000] {logging_mixin.py:188} INFO - 
Top 10 Products by View Count:
[2025-12-01T13:17:43.357+0000] {logging_mixin.py:188} INFO - product_id
prod_0042    404
prod_0017     26
prod_0013     26
prod_0094     24
prod_0025     24
prod_0006     24
prod_0062     23
prod_0009     22
prod_0039     22
prod_0081     22
Name: count, dtype: int64
[2025-12-01T13:17:43.394+0000] {python.py:202} INFO - Done. Returned value was: Extracted 2000 view events
[2025-12-01T13:17:43.419+0000] {taskinstance.py:1149} INFO - Marking task as SUCCESS. dag_id=top_products_daily_report, task_id=extract_product_views, execution_date=20251201T131741, start_date=20251201T131742, end_date=20251201T131743
[2025-12-01T13:17:43.459+0000] {local_task_job_runner.py:234} INFO - Task exited with return code 0
[2025-12-01T13:17:43.522+0000] {taskinstance.py:3312} INFO - 1 downstream tasks scheduled from follow-on schedule check
