[2025-12-01T13:05:54.385+0000] {taskinstance.py:1979} INFO - Dependencies all met for dep_context=non-requeueable deps ti=<TaskInstance: daily_user_segmentation.segment_users manual__2025-12-01T12:57:29+00:00 [queued]>
[2025-12-01T13:05:54.398+0000] {taskinstance.py:1979} INFO - Dependencies all met for dep_context=requeueable deps ti=<TaskInstance: daily_user_segmentation.segment_users manual__2025-12-01T12:57:29+00:00 [queued]>
[2025-12-01T13:05:54.399+0000] {taskinstance.py:2193} INFO - Starting attempt 1 of 2
[2025-12-01T13:05:54.421+0000] {taskinstance.py:2217} INFO - Executing <Task(PythonOperator): segment_users> on 2025-12-01 12:57:29+00:00
[2025-12-01T13:05:54.429+0000] {standard_task_runner.py:60} INFO - Started process 966 to run task
[2025-12-01T13:05:54.437+0000] {standard_task_runner.py:87} INFO - Running: ['***', 'tasks', 'run', 'daily_user_segmentation', 'segment_users', 'manual__2025-12-01T12:57:29+00:00', '--job-id', '22', '--raw', '--subdir', 'DAGS_FOLDER/daily_user_segmentation_dag.py', '--cfg-path', '/tmp/tmpwhfn1apo']
[2025-12-01T13:05:54.441+0000] {standard_task_runner.py:88} INFO - Job 22: Subtask segment_users
[2025-12-01T13:05:54.546+0000] {task_command.py:423} INFO - Running <TaskInstance: daily_user_segmentation.segment_users manual__2025-12-01T12:57:29+00:00 [running]> on host d4a7043b2403
[2025-12-01T13:05:54.665+0000] {taskinstance.py:2513} INFO - Exporting env vars: AIRFLOW_CTX_DAG_OWNER='***' AIRFLOW_CTX_DAG_ID='daily_user_segmentation' AIRFLOW_CTX_TASK_ID='segment_users' AIRFLOW_CTX_EXECUTION_DATE='2025-12-01T12:57:29+00:00' AIRFLOW_CTX_TRY_NUMBER='1' AIRFLOW_CTX_DAG_RUN_ID='manual__2025-12-01T12:57:29+00:00'
[2025-12-01T13:05:54.667+0000] {logging_mixin.py:188} INFO - ================================================================================
[2025-12-01T13:05:54.668+0000] {logging_mixin.py:188} INFO - 🔍 TASK 2: Segmenting Users
[2025-12-01T13:05:54.669+0000] {logging_mixin.py:188} INFO - ================================================================================
[2025-12-01T13:05:54.715+0000] {logging_mixin.py:188} INFO - 
✅ Segmented 100 users
[2025-12-01T13:05:54.718+0000] {logging_mixin.py:188} INFO - 
Segmentation Results:
[2025-12-01T13:05:54.721+0000] {logging_mixin.py:188} INFO - segment
Buyer             61
Window Shopper    39
Name: count, dtype: int64
[2025-12-01T13:05:54.722+0000] {logging_mixin.py:188} INFO - 
📊 Sample Segments:
[2025-12-01T13:05:54.728+0000] {logging_mixin.py:188} INFO -      user_id         segment  total_events  view_count  cart_count  purchase_count
0  user_0001  Window Shopper            11           5           6               0
1  user_0002  Window Shopper             9           7           2               0
2  user_0003  Window Shopper            11          11           0               0
3  user_0004           Buyer            16           9           4               3
4  user_0005           Buyer            13           9           2               2
5  user_0006           Buyer             9           5           2               2
6  user_0007           Buyer            11           6           3               2
7  user_0008           Buyer            12           8           2               2
8  user_0009           Buyer            16          10           5               1
9  user_0010           Buyer             9           4           3               2
[2025-12-01T13:05:54.761+0000] {logging_mixin.py:188} WARNING - /home/***/.local/lib/python3.8/site-packages/***/utils/context.py:315 AirflowContextDeprecationWarning: Accessing 'execution_date' from the template is deprecated and will be removed in a future version. Please use 'data_interval_start' or 'logical_date' instead.
[2025-12-01T13:05:54.778+0000] {python.py:202} INFO - Done. Returned value was: {'total_users': 100, 'buyers': 61, 'window_shoppers': 39, 'buyer_percentage': 61.0, 'execution_date': '2025-12-01T12:57:29+00:00'}
[2025-12-01T13:05:54.809+0000] {taskinstance.py:1149} INFO - Marking task as SUCCESS. dag_id=daily_user_segmentation, task_id=segment_users, execution_date=20251201T125729, start_date=20251201T130554, end_date=20251201T130554
[2025-12-01T13:05:54.850+0000] {local_task_job_runner.py:234} INFO - Task exited with return code 0
[2025-12-01T13:05:54.874+0000] {taskinstance.py:3312} INFO - 0 downstream tasks scheduled from follow-on schedule check
