[2025-12-01T13:20:05.893+0000] {taskinstance.py:1979} INFO - Dependencies all met for dep_context=non-requeueable deps ti=<TaskInstance: conversion_rate_analytics.extract_all_events manual__2025-12-01T13:20:04+00:00 [queued]>
[2025-12-01T13:20:05.904+0000] {taskinstance.py:1979} INFO - Dependencies all met for dep_context=requeueable deps ti=<TaskInstance: conversion_rate_analytics.extract_all_events manual__2025-12-01T13:20:04+00:00 [queued]>
[2025-12-01T13:20:05.905+0000] {taskinstance.py:2193} INFO - Starting attempt 1 of 2
[2025-12-01T13:20:05.924+0000] {taskinstance.py:2217} INFO - Executing <Task(PythonOperator): extract_all_events> on 2025-12-01 13:20:04+00:00
[2025-12-01T13:20:05.935+0000] {standard_task_runner.py:60} INFO - Started process 1774 to run task
[2025-12-01T13:20:05.942+0000] {standard_task_runner.py:87} INFO - Running: ['***', 'tasks', 'run', 'conversion_rate_analytics', 'extract_all_events', 'manual__2025-12-01T13:20:04+00:00', '--job-id', '62', '--raw', '--subdir', 'DAGS_FOLDER/conversion_rate_analytics_dag.py', '--cfg-path', '/tmp/tmpvu0kqi0z']
[2025-12-01T13:20:05.946+0000] {standard_task_runner.py:88} INFO - Job 62: Subtask extract_all_events
[2025-12-01T13:20:06.032+0000] {task_command.py:423} INFO - Running <TaskInstance: conversion_rate_analytics.extract_all_events manual__2025-12-01T13:20:04+00:00 [running]> on host d4a7043b2403
[2025-12-01T13:20:06.147+0000] {taskinstance.py:2513} INFO - Exporting env vars: AIRFLOW_CTX_DAG_OWNER='***' AIRFLOW_CTX_DAG_ID='conversion_rate_analytics' AIRFLOW_CTX_TASK_ID='extract_all_events' AIRFLOW_CTX_EXECUTION_DATE='2025-12-01T13:20:04+00:00' AIRFLOW_CTX_TRY_NUMBER='1' AIRFLOW_CTX_DAG_RUN_ID='manual__2025-12-01T13:20:04+00:00'
[2025-12-01T13:20:06.149+0000] {logging_mixin.py:188} INFO - ================================================================================
[2025-12-01T13:20:06.150+0000] {logging_mixin.py:188} INFO - 📊 TASK 1: Extracting All Clickstream Events
[2025-12-01T13:20:06.151+0000] {logging_mixin.py:188} INFO - ================================================================================
[2025-12-01T13:20:06.161+0000] {logging_mixin.py:188} WARNING - /home/***/.local/lib/python3.8/site-packages/***/utils/context.py:315 AirflowContextDeprecationWarning: Accessing 'execution_date' from the template is deprecated and will be removed in a future version. Please use 'data_interval_start' or 'logical_date' instead.
[2025-12-01T13:20:06.369+0000] {logging_mixin.py:188} INFO - 
✅ Extracted 3000 total events
[2025-12-01T13:20:06.370+0000] {logging_mixin.py:188} INFO - 📅 Date: 2025-12-01
[2025-12-01T13:20:06.370+0000] {logging_mixin.py:188} INFO - 
Event Type Distribution:
[2025-12-01T13:20:06.375+0000] {logging_mixin.py:188} INFO - event_type
view           2244
add_to_cart     502
purchase        254
Name: count, dtype: int64
[2025-12-01T13:20:06.376+0000] {logging_mixin.py:188} INFO - 
Category Distribution:
[2025-12-01T13:20:06.378+0000] {logging_mixin.py:188} INFO - product_category
Electronics      1108
Clothing          655
Home & Garden     524
Sports            385
Books             328
Name: count, dtype: int64
[2025-12-01T13:20:06.436+0000] {python.py:202} INFO - Done. Returned value was: Extracted 3000 events
[2025-12-01T13:20:06.488+0000] {taskinstance.py:1149} INFO - Marking task as SUCCESS. dag_id=conversion_rate_analytics, task_id=extract_all_events, execution_date=20251201T132004, start_date=20251201T132005, end_date=20251201T132006
[2025-12-01T13:20:06.557+0000] {local_task_job_runner.py:234} INFO - Task exited with return code 0
[2025-12-01T13:20:06.637+0000] {taskinstance.py:3312} INFO - 1 downstream tasks scheduled from follow-on schedule check
