[2025-12-01T13:05:55.784+0000] {taskinstance.py:1979} INFO - Dependencies all met for dep_context=non-requeueable deps ti=<TaskInstance: daily_user_segmentation.save_segmentation_results manual__2025-12-01T13:05:50.051820+00:00 [queued]>
[2025-12-01T13:05:55.802+0000] {taskinstance.py:1979} INFO - Dependencies all met for dep_context=requeueable deps ti=<TaskInstance: daily_user_segmentation.save_segmentation_results manual__2025-12-01T13:05:50.051820+00:00 [queued]>
[2025-12-01T13:05:55.803+0000] {taskinstance.py:2193} INFO - Starting attempt 1 of 2
[2025-12-01T13:05:55.829+0000] {taskinstance.py:2217} INFO - Executing <Task(PythonOperator): save_segmentation_results> on 2025-12-01 13:05:50.051820+00:00
[2025-12-01T13:05:55.842+0000] {standard_task_runner.py:60} INFO - Started process 982 to run task
[2025-12-01T13:05:55.851+0000] {standard_task_runner.py:87} INFO - Running: ['***', 'tasks', 'run', 'daily_user_segmentation', 'save_segmentation_results', 'manual__2025-12-01T13:05:50.051820+00:00', '--job-id', '26', '--raw', '--subdir', 'DAGS_FOLDER/daily_user_segmentation_dag.py', '--cfg-path', '/tmp/tmpk16z6tx9']
[2025-12-01T13:05:55.856+0000] {standard_task_runner.py:88} INFO - Job 26: Subtask save_segmentation_results
[2025-12-01T13:05:55.978+0000] {task_command.py:423} INFO - Running <TaskInstance: daily_user_segmentation.save_segmentation_results manual__2025-12-01T13:05:50.051820+00:00 [running]> on host d4a7043b2403
[2025-12-01T13:05:56.144+0000] {taskinstance.py:2513} INFO - Exporting env vars: AIRFLOW_CTX_DAG_OWNER='***' AIRFLOW_CTX_DAG_ID='daily_user_segmentation' AIRFLOW_CTX_TASK_ID='save_segmentation_results' AIRFLOW_CTX_EXECUTION_DATE='2025-12-01T13:05:50.051820+00:00' AIRFLOW_CTX_TRY_NUMBER='1' AIRFLOW_CTX_DAG_RUN_ID='manual__2025-12-01T13:05:50.051820+00:00'
[2025-12-01T13:05:56.146+0000] {logging_mixin.py:188} INFO - ================================================================================
[2025-12-01T13:05:56.147+0000] {logging_mixin.py:188} INFO - 💾 TASK 3: Saving Segmentation Results
[2025-12-01T13:05:56.148+0000] {logging_mixin.py:188} INFO - ================================================================================
[2025-12-01T13:05:56.289+0000] {logging_mixin.py:188} WARNING - /home/***/.local/lib/python3.8/site-packages/***/utils/context.py:315 AirflowContextDeprecationWarning: Accessing 'execution_date' from the template is deprecated and will be removed in a future version. Please use 'data_interval_start' or 'logical_date' instead.
[2025-12-01T13:05:56.291+0000] {logging_mixin.py:188} INFO - 
💾 Saving 100 user segments to database...
[2025-12-01T13:05:56.291+0000] {logging_mixin.py:188} INFO - 📅 Analysis Date: 2025-12-01
[2025-12-01T13:05:56.295+0000] {logging_mixin.py:188} INFO - 
✅ Would insert 100 rows into 'user_segmentation_daily'
[2025-12-01T13:05:56.296+0000] {logging_mixin.py:188} INFO - 
📊 Summary Statistics:
[2025-12-01T13:05:56.297+0000] {logging_mixin.py:188} INFO -    total_users: 100
[2025-12-01T13:05:56.298+0000] {logging_mixin.py:188} INFO -    buyers: 62
[2025-12-01T13:05:56.299+0000] {logging_mixin.py:188} INFO -    window_shoppers: 38
[2025-12-01T13:05:56.299+0000] {logging_mixin.py:188} INFO -    buyer_percentage: 62.0
[2025-12-01T13:05:56.300+0000] {logging_mixin.py:188} INFO -    execution_date: 2025-12-01T13:05:50.051820+00:00
[2025-12-01T13:05:56.301+0000] {python.py:202} INFO - Done. Returned value was: {'total_users': 100, 'buyers': 62, 'window_shoppers': 38, 'buyer_percentage': 62.0, 'execution_date': '2025-12-01T13:05:50.051820+00:00'}
[2025-12-01T13:05:56.343+0000] {taskinstance.py:1149} INFO - Marking task as SUCCESS. dag_id=daily_user_segmentation, task_id=save_segmentation_results, execution_date=20251201T130550, start_date=20251201T130555, end_date=20251201T130556
[2025-12-01T13:05:56.385+0000] {local_task_job_runner.py:234} INFO - Task exited with return code 0
[2025-12-01T13:05:56.408+0000] {taskinstance.py:3312} INFO - 0 downstream tasks scheduled from follow-on schedule check
