[2025-12-01T13:00:06.155+0000] {taskinstance.py:1979} INFO - Dependencies all met for dep_context=non-requeueable deps ti=<TaskInstance: conversion_rate_analytics.calculate_conversion_rates manual__2025-12-01T12:55:10+00:00 [queued]>
[2025-12-01T13:00:06.167+0000] {taskinstance.py:1979} INFO - Dependencies all met for dep_context=requeueable deps ti=<TaskInstance: conversion_rate_analytics.calculate_conversion_rates manual__2025-12-01T12:55:10+00:00 [queued]>
[2025-12-01T13:00:06.168+0000] {taskinstance.py:2193} INFO - Starting attempt 1 of 2
[2025-12-01T13:00:06.190+0000] {taskinstance.py:2217} INFO - Executing <Task(PythonOperator): calculate_conversion_rates> on 2025-12-01 12:55:10+00:00
[2025-12-01T13:00:06.200+0000] {standard_task_runner.py:60} INFO - Started process 708 to run task
[2025-12-01T13:00:06.207+0000] {standard_task_runner.py:87} INFO - Running: ['***', 'tasks', 'run', 'conversion_rate_analytics', 'calculate_conversion_rates', 'manual__2025-12-01T12:55:10+00:00', '--job-id', '9', '--raw', '--subdir', 'DAGS_FOLDER/conversion_rate_analytics_dag.py', '--cfg-path', '/tmp/tmpxp6mhkd6']
[2025-12-01T13:00:06.212+0000] {standard_task_runner.py:88} INFO - Job 9: Subtask calculate_conversion_rates
[2025-12-01T13:00:06.331+0000] {task_command.py:423} INFO - Running <TaskInstance: conversion_rate_analytics.calculate_conversion_rates manual__2025-12-01T12:55:10+00:00 [running]> on host d4a7043b2403
[2025-12-01T13:00:06.444+0000] {taskinstance.py:2513} INFO - Exporting env vars: AIRFLOW_CTX_DAG_OWNER='***' AIRFLOW_CTX_DAG_ID='conversion_rate_analytics' AIRFLOW_CTX_TASK_ID='calculate_conversion_rates' AIRFLOW_CTX_EXECUTION_DATE='2025-12-01T12:55:10+00:00' AIRFLOW_CTX_TRY_NUMBER='1' AIRFLOW_CTX_DAG_RUN_ID='manual__2025-12-01T12:55:10+00:00'
[2025-12-01T13:00:06.446+0000] {logging_mixin.py:188} INFO - ================================================================================
[2025-12-01T13:00:06.447+0000] {logging_mixin.py:188} INFO - 📊 TASK 2: Calculating Conversion Rates
[2025-12-01T13:00:06.448+0000] {logging_mixin.py:188} INFO - ================================================================================
[2025-12-01T13:00:06.520+0000] {logging_mixin.py:188} INFO - 
================================================================================
[2025-12-01T13:00:06.521+0000] {logging_mixin.py:188} INFO - 📊 CATEGORY-LEVEL CONVERSION RATES
[2025-12-01T13:00:06.522+0000] {logging_mixin.py:188} INFO - ================================================================================
[2025-12-01T13:00:06.580+0000] {logging_mixin.py:188} INFO - 
✅ Conversion Rates by Category:
[2025-12-01T13:00:06.607+0000] {logging_mixin.py:188} INFO - event_type product_category  add_to_cart  purchase  view  total_events  conversion_rate  cart_rate  purchase_from_cart_rate
1                  Clothing          132        66   412           610            16.02      32.04                    50.00
3             Home & Garden           99        60   375           534            16.00      26.40                    60.61
0                     Books           55        31   199           285            15.58      27.64                    56.36
4                    Sports           69        38   273           380            13.92      25.27                    55.07
2               Electronics          148        66   977          1191             6.76      15.15                    44.59
[2025-12-01T13:00:06.610+0000] {logging_mixin.py:188} INFO - 
================================================================================
[2025-12-01T13:00:06.612+0000] {logging_mixin.py:188} INFO - 📊 PRODUCT-LEVEL CONVERSION RATES
[2025-12-01T13:00:06.614+0000] {logging_mixin.py:188} INFO - ================================================================================
[2025-12-01T13:00:06.664+0000] {logging_mixin.py:188} INFO - 
🏆 Top 5 Products by Conversion Rate:
[2025-12-01T13:00:06.681+0000] {logging_mixin.py:188} INFO - event_type product_id product_category  view  purchase  conversion_rate
79          prod_0080    Home & Garden    10         5            50.00
6           prod_0007      Electronics    13         5            38.46
20          prod_0021      Electronics    21         8            38.10
24          prod_0025         Clothing    16         6            37.50
32          prod_0033         Clothing    12         4            33.33
[2025-12-01T13:00:06.683+0000] {logging_mixin.py:188} INFO - 
⚠️  Bottom 5 Products by Conversion Rate:
[2025-12-01T13:00:06.697+0000] {logging_mixin.py:188} INFO - event_type product_id product_category  view  purchase  conversion_rate
9           prod_0010         Clothing    20         0              0.0
11          prod_0012      Electronics    16         0              0.0
18          prod_0019      Electronics    15         0              0.0
21          prod_0022    Home & Garden    20         0              0.0
76          prod_0077            Books    14         0              0.0
[2025-12-01T13:00:06.903+0000] {python.py:202} INFO - Done. Returned value was: {'overall_views': 2236, 'overall_purchases': 261, 'overall_conversion_rate': 11.67, 'best_category': 'Clothing', 'best_category_rate': 16.02, 'worst_category': 'Electronics', 'worst_category_rate': 6.76}
[2025-12-01T13:00:06.942+0000] {taskinstance.py:1149} INFO - Marking task as SUCCESS. dag_id=conversion_rate_analytics, task_id=calculate_conversion_rates, execution_date=20251201T125510, start_date=20251201T130006, end_date=20251201T130006
[2025-12-01T13:00:06.984+0000] {local_task_job_runner.py:234} INFO - Task exited with return code 0
[2025-12-01T13:00:07.035+0000] {taskinstance.py:3312} INFO - 2 downstream tasks scheduled from follow-on schedule check
