[2025-12-01T13:17:36.268+0000] {taskinstance.py:1979} INFO - Dependencies all met for dep_context=non-requeueable deps ti=<TaskInstance: daily_user_segmentation.extract_raw_events manual__2025-12-01T13:17:34.880749+00:00 [queued]>
[2025-12-01T13:17:36.303+0000] {taskinstance.py:1979} INFO - Dependencies all met for dep_context=requeueable deps ti=<TaskInstance: daily_user_segmentation.extract_raw_events manual__2025-12-01T13:17:34.880749+00:00 [queued]>
[2025-12-01T13:17:36.306+0000] {taskinstance.py:2193} INFO - Starting attempt 1 of 2
[2025-12-01T13:17:36.359+0000] {taskinstance.py:2217} INFO - Executing <Task(PythonOperator): extract_raw_events> on 2025-12-01 13:17:34.880749+00:00
[2025-12-01T13:17:36.382+0000] {standard_task_runner.py:60} INFO - Started process 1525 to run task
[2025-12-01T13:17:36.407+0000] {standard_task_runner.py:87} INFO - Running: ['***', 'tasks', 'run', 'daily_user_segmentation', 'extract_raw_events', 'manual__2025-12-01T13:17:34.880749+00:00', '--job-id', '46', '--raw', '--subdir', 'DAGS_FOLDER/daily_user_segmentation_dag.py', '--cfg-path', '/tmp/tmp54fvewwn']
[2025-12-01T13:17:36.421+0000] {standard_task_runner.py:88} INFO - Job 46: Subtask extract_raw_events
[2025-12-01T13:17:36.703+0000] {task_command.py:423} INFO - Running <TaskInstance: daily_user_segmentation.extract_raw_events manual__2025-12-01T13:17:34.880749+00:00 [running]> on host d4a7043b2403
[2025-12-01T13:17:37.068+0000] {taskinstance.py:2513} INFO - Exporting env vars: AIRFLOW_CTX_DAG_OWNER='***' AIRFLOW_CTX_DAG_ID='daily_user_segmentation' AIRFLOW_CTX_TASK_ID='extract_raw_events' AIRFLOW_CTX_EXECUTION_DATE='2025-12-01T13:17:34.880749+00:00' AIRFLOW_CTX_TRY_NUMBER='1' AIRFLOW_CTX_DAG_RUN_ID='manual__2025-12-01T13:17:34.880749+00:00'
[2025-12-01T13:17:37.075+0000] {logging_mixin.py:188} INFO - ================================================================================
[2025-12-01T13:17:37.077+0000] {logging_mixin.py:188} INFO - 📊 TASK 1: Extracting Raw Clickstream Events
[2025-12-01T13:17:37.079+0000] {logging_mixin.py:188} INFO - ================================================================================
[2025-12-01T13:17:37.102+0000] {logging_mixin.py:188} WARNING - /home/***/.local/lib/python3.8/site-packages/***/utils/context.py:315 AirflowContextDeprecationWarning: Accessing 'execution_date' from the template is deprecated and will be removed in a future version. Please use 'data_interval_start' or 'logical_date' instead.
[2025-12-01T13:17:37.211+0000] {logging_mixin.py:188} INFO - 
✅ Extracted 1000 events
[2025-12-01T13:17:37.212+0000] {logging_mixin.py:188} INFO - 📅 Date: 2025-12-01
[2025-12-01T13:17:37.213+0000] {logging_mixin.py:188} INFO - 
Event Type Distribution:
[2025-12-01T13:17:37.219+0000] {logging_mixin.py:188} INFO - event_type
view           692
add_to_cart    199
purchase       109
Name: count, dtype: int64
[2025-12-01T13:17:37.252+0000] {python.py:202} INFO - Done. Returned value was: Extracted 1000 events
[2025-12-01T13:17:37.278+0000] {taskinstance.py:1149} INFO - Marking task as SUCCESS. dag_id=daily_user_segmentation, task_id=extract_raw_events, execution_date=20251201T131734, start_date=20251201T131736, end_date=20251201T131737
[2025-12-01T13:17:37.305+0000] {local_task_job_runner.py:234} INFO - Task exited with return code 0
[2025-12-01T13:17:37.344+0000] {taskinstance.py:3312} INFO - 1 downstream tasks scheduled from follow-on schedule check
