[2025-11-29T14:26:19.395+0000] {manager.py:469} INFO - Processing files using up to 2 processes at a time 
[2025-11-29T14:26:19.396+0000] {manager.py:470} INFO - Process each file at most once every 30 seconds
[2025-11-29T14:26:19.397+0000] {manager.py:471} INFO - Checking for new files in /opt/airflow/dags every 300 seconds
[2025-11-29T14:26:19.397+0000] {manager.py:738} INFO - Searching for files in /opt/airflow/dags
[2025-11-29T14:26:19.402+0000] {manager.py:741} INFO - There are 0 files in /opt/airflow/dags
[2025-11-29T14:31:20.119+0000] {manager.py:738} INFO - Searching for files in /opt/airflow/dags
[2025-11-29T14:31:20.125+0000] {manager.py:741} INFO - There are 0 files in /opt/airflow/dags
[2025-11-29T14:36:20.742+0000] {manager.py:738} INFO - Searching for files in /opt/airflow/dags
[2025-11-29T14:36:20.748+0000] {manager.py:741} INFO - There are 0 files in /opt/airflow/dags
[2025-11-29T14:41:21.413+0000] {manager.py:738} INFO - Searching for files in /opt/airflow/dags
[2025-11-29T14:41:21.429+0000] {manager.py:741} INFO - There are 0 files in /opt/airflow/dags
[2025-11-29T14:46:22.185+0000] {manager.py:738} INFO - Searching for files in /opt/airflow/dags
[2025-11-29T14:46:22.201+0000] {manager.py:741} INFO - There are 0 files in /opt/airflow/dags
[2025-11-29T14:51:22.981+0000] {manager.py:738} INFO - Searching for files in /opt/airflow/dags
[2025-11-29T14:51:22.989+0000] {manager.py:741} INFO - There are 0 files in /opt/airflow/dags
[2025-11-29T14:51:29.406+0000] {manager.py:451} INFO - Exiting gracefully upon receiving signal 15
[2025-11-29T14:52:03.674+0000] {manager.py:469} INFO - Processing files using up to 2 processes at a time 
[2025-11-29T14:52:03.674+0000] {manager.py:470} INFO - Process each file at most once every 30 seconds
[2025-11-29T14:52:03.675+0000] {manager.py:471} INFO - Checking for new files in /opt/airflow/dags every 300 seconds
[2025-11-29T14:52:03.675+0000] {manager.py:738} INFO - Searching for files in /opt/airflow/dags
[2025-11-29T14:52:03.678+0000] {manager.py:741} INFO - There are 0 files in /opt/airflow/dags
[2025-11-29T14:57:04.262+0000] {manager.py:738} INFO - Searching for files in /opt/airflow/dags
[2025-11-29T14:57:04.267+0000] {manager.py:741} INFO - There are 0 files in /opt/airflow/dags
[2025-11-29T15:02:05.069+0000] {manager.py:738} INFO - Searching for files in /opt/airflow/dags
[2025-11-29T15:02:05.072+0000] {manager.py:741} INFO - There are 0 files in /opt/airflow/dags
[2025-11-29T15:07:06.010+0000] {manager.py:738} INFO - Searching for files in /opt/airflow/dags
[2025-11-29T15:07:06.015+0000] {manager.py:741} INFO - There are 0 files in /opt/airflow/dags
[2025-11-29T15:12:06.016+0000] {manager.py:738} INFO - Searching for files in /opt/airflow/dags
[2025-11-29T15:12:06.021+0000] {manager.py:741} INFO - There are 0 files in /opt/airflow/dags
[2025-11-29T15:17:06.520+0000] {manager.py:738} INFO - Searching for files in /opt/airflow/dags
[2025-11-29T15:17:06.526+0000] {manager.py:741} INFO - There are 0 files in /opt/airflow/dags
[2025-11-29T15:22:06.520+0000] {manager.py:738} INFO - Searching for files in /opt/airflow/dags
[2025-11-29T15:22:06.533+0000] {manager.py:741} INFO - There are 0 files in /opt/airflow/dags
[2025-11-29T15:27:06.777+0000] {manager.py:738} INFO - Searching for files in /opt/airflow/dags
[2025-11-29T15:27:06.784+0000] {manager.py:741} INFO - There are 0 files in /opt/airflow/dags
[2025-11-29T15:32:07.120+0000] {manager.py:738} INFO - Searching for files in /opt/airflow/dags
[2025-11-29T15:32:07.141+0000] {manager.py:741} INFO - There are 0 files in /opt/airflow/dags
[2025-11-29T15:37:08.093+0000] {manager.py:738} INFO - Searching for files in /opt/airflow/dags
[2025-11-29T15:37:08.112+0000] {manager.py:741} INFO - There are 0 files in /opt/airflow/dags
[2025-11-29T15:42:08.115+0000] {manager.py:738} INFO - Searching for files in /opt/airflow/dags
[2025-11-29T15:42:08.135+0000] {manager.py:741} INFO - There are 0 files in /opt/airflow/dags
[2025-11-29T15:47:09.050+0000] {manager.py:738} INFO - Searching for files in /opt/airflow/dags
[2025-11-29T15:47:09.067+0000] {manager.py:741} INFO - There are 0 files in /opt/airflow/dags
[2025-11-29T15:52:09.684+0000] {manager.py:738} INFO - Searching for files in /opt/airflow/dags
[2025-11-29T15:52:09.703+0000] {manager.py:741} INFO - There are 0 files in /opt/airflow/dags
[2025-11-29T15:57:10.646+0000] {manager.py:738} INFO - Searching for files in /opt/airflow/dags
[2025-11-29T15:57:10.661+0000] {manager.py:741} INFO - There are 0 files in /opt/airflow/dags
[2025-11-29T16:02:11.339+0000] {manager.py:738} INFO - Searching for files in /opt/airflow/dags
[2025-11-29T16:02:11.357+0000] {manager.py:741} INFO - There are 0 files in /opt/airflow/dags
[2025-11-29T16:07:11.762+0000] {manager.py:738} INFO - Searching for files in /opt/airflow/dags
[2025-11-29T16:07:11.778+0000] {manager.py:741} INFO - There are 0 files in /opt/airflow/dags
[2025-11-29T16:12:11.816+0000] {manager.py:738} INFO - Searching for files in /opt/airflow/dags
[2025-11-29T16:12:11.826+0000] {manager.py:741} INFO - There are 0 files in /opt/airflow/dags
[2025-11-29T16:17:12.032+0000] {manager.py:738} INFO - Searching for files in /opt/airflow/dags
[2025-11-29T16:17:12.045+0000] {manager.py:741} INFO - There are 0 files in /opt/airflow/dags
