[2025-12-01T13:00:08.774+0000] {taskinstance.py:1979} INFO - Dependencies all met for dep_context=non-requeueable deps ti=<TaskInstance: conversion_rate_analytics.generate_conversion_report manual__2025-12-01T13:00:02.496096+00:00 [queued]>
[2025-12-01T13:00:08.792+0000] {taskinstance.py:1979} INFO - Dependencies all met for dep_context=requeueable deps ti=<TaskInstance: conversion_rate_analytics.generate_conversion_report manual__2025-12-01T13:00:02.496096+00:00 [queued]>
[2025-12-01T13:00:08.793+0000] {taskinstance.py:2193} INFO - Starting attempt 1 of 2
[2025-12-01T13:00:08.816+0000] {taskinstance.py:2217} INFO - Executing <Task(PythonOperator): generate_conversion_report> on 2025-12-01 13:00:02.496096+00:00
[2025-12-01T13:00:08.835+0000] {standard_task_runner.py:60} INFO - Started process 728 to run task
[2025-12-01T13:00:08.845+0000] {standard_task_runner.py:87} INFO - Running: ['***', 'tasks', 'run', 'conversion_rate_analytics', 'generate_conversion_report', 'manual__2025-12-01T13:00:02.496096+00:00', '--job-id', '17', '--raw', '--subdir', 'DAGS_FOLDER/conversion_rate_analytics_dag.py', '--cfg-path', '/tmp/tmp2j37yk1z']
[2025-12-01T13:00:08.851+0000] {standard_task_runner.py:88} INFO - Job 17: Subtask generate_conversion_report
[2025-12-01T13:00:08.992+0000] {task_command.py:423} INFO - Running <TaskInstance: conversion_rate_analytics.generate_conversion_report manual__2025-12-01T13:00:02.496096+00:00 [running]> on host d4a7043b2403
[2025-12-01T13:00:09.145+0000] {taskinstance.py:2513} INFO - Exporting env vars: AIRFLOW_CTX_DAG_OWNER='***' AIRFLOW_CTX_DAG_ID='conversion_rate_analytics' AIRFLOW_CTX_TASK_ID='generate_conversion_report' AIRFLOW_CTX_EXECUTION_DATE='2025-12-01T13:00:02.496096+00:00' AIRFLOW_CTX_TRY_NUMBER='1' AIRFLOW_CTX_DAG_RUN_ID='manual__2025-12-01T13:00:02.496096+00:00'
[2025-12-01T13:00:09.148+0000] {logging_mixin.py:188} INFO - ================================================================================
[2025-12-01T13:00:09.149+0000] {logging_mixin.py:188} INFO - 📧 TASK 4: Generating Conversion Rate Report
[2025-12-01T13:00:09.149+0000] {logging_mixin.py:188} INFO - ================================================================================
[2025-12-01T13:00:09.227+0000] {logging_mixin.py:188} WARNING - /home/***/.local/lib/python3.8/site-packages/***/utils/context.py:315 AirflowContextDeprecationWarning: Accessing 'execution_date' from the template is deprecated and will be removed in a future version. Please use 'data_interval_start' or 'logical_date' instead.
[2025-12-01T13:00:09.234+0000] {logging_mixin.py:188} INFO - 
================================================================================
📊 CONVERSION RATE ANALYTICS REPORT
================================================================================

Analysis Date: 2025-12-01
Generated: 2025-12-01 13:00:09

================================================================================
OVERALL METRICS
================================================================================

Total Views:              2,203
Total Purchases:          281
Overall Conversion Rate:  12.76%

Best Category:            Clothing (17.1%)
Worst Category:           Electronics (8.37%)

================================================================================
CONVERSION RATES BY CATEGORY
================================================================================


📦 Clothing
--------------------------------------------------------------------------------
Views:                    386
Add to Cart:              132
Purchases:                66
Conversion Rate:          17.1%
Cart Rate:                34.2%
Purchase from Cart:       50.0%


📦 Sports
--------------------------------------------------------------------------------
Views:                    271
Add to Cart:              65
Purchases:                46
Conversion Rate:          16.97%
Cart Rate:                23.99%
Purchase from Cart:       70.77%


📦 Home & Garden
--------------------------------------------------------------------------------
Views:                    380
Add to Cart:              110
Purchases:                57
Conversion Rate:          15.0%
Cart Rate:                28.95%
Purchase from Cart:       51.82%


📦 Books
--------------------------------------------------------------------------------
Views:                    222
Add to Cart:              64
Purchases:                33
Conversion Rate:          14.86%
Cart Rate:                28.83%
Purchase from Cart:       51.56%


📦 Electronics
--------------------------------------------------------------------------------
Views:                    944
Add to Cart:              145
Purchases:                79
Conversion Rate:          8.37%
Cart Rate:                15.36%
Purchase from Cart:       54.48%


================================================================================
🏆 TOP 5 PRODUCTS (Highest Conversion)
================================================================================

  prod_0020 (Home & Garden): 50.0% (8/16)
  prod_0009 (Home & Garden): 46.67% (7/15)
  prod_0096 (Books): 45.0% (9/20)
  prod_0027 (Clothing): 37.5% (6/16)
  prod_0031 (Clothing): 36.36% (4/11)

================================================================================
⚠️  BOTTOM 5 PRODUCTS (Lowest Conversion - Needs Attention)
================================================================================

  prod_0035 (Sports): 0.0% (0/20)
  prod_0038 (Home & Garden): 0.0% (0/21)
  prod_0041 (Clothing): 0.0% (0/17)
  prod_0058 (Books): 0.0% (0/14)
  prod_0067 (Clothing): 0.0% (0/16)

================================================================================
KEY INSIGHTS & RECOMMENDATIONS
================================================================================

✅ Strong Performance:
   • Clothing category shows highest conversion (17.1%)
   • Focus marketing efforts on successful products
   
⚠️  Needs Improvement:
   • Electronics category needs optimization (8.37%)
   • Review pricing, product descriptions, and images for low-converting items
   
💡 Action Items:
   1. Investigate why bottom 5 products have low conversion
   2. A/B test different pricing strategies for underperforming categories
   3. Consider flash sales for high-view, low-purchase products
   4. Optimize product pages for categories below 12.76% conversion

================================================================================
        
[2025-12-01T13:00:09.235+0000] {logging_mixin.py:188} INFO - 
✅ Report generated successfully
[2025-12-01T13:00:09.236+0000] {logging_mixin.py:188} INFO - 📁 Report would be saved to: /tmp/conversion_rate_report_20251201.txt
[2025-12-01T13:00:09.237+0000] {python.py:202} INFO - Done. Returned value was: Report generated successfully
[2025-12-01T13:00:09.273+0000] {taskinstance.py:1149} INFO - Marking task as SUCCESS. dag_id=conversion_rate_analytics, task_id=generate_conversion_report, execution_date=20251201T130002, start_date=20251201T130008, end_date=20251201T130009
[2025-12-01T13:00:09.339+0000] {local_task_job_runner.py:234} INFO - Task exited with return code 0
[2025-12-01T13:00:09.368+0000] {taskinstance.py:3312} INFO - 0 downstream tasks scheduled from follow-on schedule check
