[2025-12-01T13:00:08.769+0000] {taskinstance.py:1979} INFO - Dependencies all met for dep_context=non-requeueable deps ti=<TaskInstance: conversion_rate_analytics.generate_conversion_report manual__2025-12-01T12:55:10+00:00 [queued]>
[2025-12-01T13:00:08.786+0000] {taskinstance.py:1979} INFO - Dependencies all met for dep_context=requeueable deps ti=<TaskInstance: conversion_rate_analytics.generate_conversion_report manual__2025-12-01T12:55:10+00:00 [queued]>
[2025-12-01T13:00:08.787+0000] {taskinstance.py:2193} INFO - Starting attempt 1 of 2
[2025-12-01T13:00:08.810+0000] {taskinstance.py:2217} INFO - Executing <Task(PythonOperator): generate_conversion_report> on 2025-12-01 12:55:10+00:00
[2025-12-01T13:00:08.821+0000] {standard_task_runner.py:60} INFO - Started process 725 to run task
[2025-12-01T13:00:08.831+0000] {standard_task_runner.py:87} INFO - Running: ['***', 'tasks', 'run', 'conversion_rate_analytics', 'generate_conversion_report', 'manual__2025-12-01T12:55:10+00:00', '--job-id', '16', '--raw', '--subdir', 'DAGS_FOLDER/conversion_rate_analytics_dag.py', '--cfg-path', '/tmp/tmp_qha6u_u']
[2025-12-01T13:00:08.837+0000] {standard_task_runner.py:88} INFO - Job 16: Subtask generate_conversion_report
[2025-12-01T13:00:08.971+0000] {task_command.py:423} INFO - Running <TaskInstance: conversion_rate_analytics.generate_conversion_report manual__2025-12-01T12:55:10+00:00 [running]> on host d4a7043b2403
[2025-12-01T13:00:09.133+0000] {taskinstance.py:2513} INFO - Exporting env vars: AIRFLOW_CTX_DAG_OWNER='***' AIRFLOW_CTX_DAG_ID='conversion_rate_analytics' AIRFLOW_CTX_TASK_ID='generate_conversion_report' AIRFLOW_CTX_EXECUTION_DATE='2025-12-01T12:55:10+00:00' AIRFLOW_CTX_TRY_NUMBER='1' AIRFLOW_CTX_DAG_RUN_ID='manual__2025-12-01T12:55:10+00:00'
[2025-12-01T13:00:09.136+0000] {logging_mixin.py:188} INFO - ================================================================================
[2025-12-01T13:00:09.137+0000] {logging_mixin.py:188} INFO - 📧 TASK 4: Generating Conversion Rate Report
[2025-12-01T13:00:09.138+0000] {logging_mixin.py:188} INFO - ================================================================================
[2025-12-01T13:00:09.220+0000] {logging_mixin.py:188} WARNING - /home/***/.local/lib/python3.8/site-packages/***/utils/context.py:315 AirflowContextDeprecationWarning: Accessing 'execution_date' from the template is deprecated and will be removed in a future version. Please use 'data_interval_start' or 'logical_date' instead.
[2025-12-01T13:00:09.226+0000] {logging_mixin.py:188} INFO - 
================================================================================
📊 CONVERSION RATE ANALYTICS REPORT
================================================================================

Analysis Date: 2025-12-01
Generated: 2025-12-01 13:00:09

================================================================================
OVERALL METRICS
================================================================================

Total Views:              2,236
Total Purchases:          261
Overall Conversion Rate:  11.67%

Best Category:            Clothing (16.02%)
Worst Category:           Electronics (6.76%)

================================================================================
CONVERSION RATES BY CATEGORY
================================================================================


📦 Clothing
--------------------------------------------------------------------------------
Views:                    412
Add to Cart:              132
Purchases:                66
Conversion Rate:          16.02%
Cart Rate:                32.04%
Purchase from Cart:       50.0%


📦 Home & Garden
--------------------------------------------------------------------------------
Views:                    375
Add to Cart:              99
Purchases:                60
Conversion Rate:          16.0%
Cart Rate:                26.4%
Purchase from Cart:       60.61%


📦 Books
--------------------------------------------------------------------------------
Views:                    199
Add to Cart:              55
Purchases:                31
Conversion Rate:          15.58%
Cart Rate:                27.64%
Purchase from Cart:       56.36%


📦 Sports
--------------------------------------------------------------------------------
Views:                    273
Add to Cart:              69
Purchases:                38
Conversion Rate:          13.92%
Cart Rate:                25.27%
Purchase from Cart:       55.07%


📦 Electronics
--------------------------------------------------------------------------------
Views:                    977
Add to Cart:              148
Purchases:                66
Conversion Rate:          6.76%
Cart Rate:                15.15%
Purchase from Cart:       44.59%


================================================================================
🏆 TOP 5 PRODUCTS (Highest Conversion)
================================================================================

  prod_0080 (Home & Garden): 50.0% (5/10)
  prod_0007 (Electronics): 38.46% (5/13)
  prod_0021 (Electronics): 38.1% (8/21)
  prod_0025 (Clothing): 37.5% (6/16)
  prod_0033 (Clothing): 33.33% (4/12)

================================================================================
⚠️  BOTTOM 5 PRODUCTS (Lowest Conversion - Needs Attention)
================================================================================

  prod_0010 (Clothing): 0.0% (0/20)
  prod_0012 (Electronics): 0.0% (0/16)
  prod_0019 (Electronics): 0.0% (0/15)
  prod_0022 (Home & Garden): 0.0% (0/20)
  prod_0077 (Books): 0.0% (0/14)

================================================================================
KEY INSIGHTS & RECOMMENDATIONS
================================================================================

✅ Strong Performance:
   • Clothing category shows highest conversion (16.02%)
   • Focus marketing efforts on successful products
   
⚠️  Needs Improvement:
   • Electronics category needs optimization (6.76%)
   • Review pricing, product descriptions, and images for low-converting items
   
💡 Action Items:
   1. Investigate why bottom 5 products have low conversion
   2. A/B test different pricing strategies for underperforming categories
   3. Consider flash sales for high-view, low-purchase products
   4. Optimize product pages for categories below 11.67% conversion

================================================================================
        
[2025-12-01T13:00:09.227+0000] {logging_mixin.py:188} INFO - 
✅ Report generated successfully
[2025-12-01T13:00:09.228+0000] {logging_mixin.py:188} INFO - 📁 Report would be saved to: /tmp/conversion_rate_report_20251201.txt
[2025-12-01T13:00:09.229+0000] {python.py:202} INFO - Done. Returned value was: Report generated successfully
[2025-12-01T13:00:09.269+0000] {taskinstance.py:1149} INFO - Marking task as SUCCESS. dag_id=conversion_rate_analytics, task_id=generate_conversion_report, execution_date=20251201T125510, start_date=20251201T130008, end_date=20251201T130009
[2025-12-01T13:00:09.328+0000] {local_task_job_runner.py:234} INFO - Task exited with return code 0
[2025-12-01T13:00:09.355+0000] {taskinstance.py:3312} INFO - 0 downstream tasks scheduled from follow-on schedule check
