[2025-12-01T13:05:51.839+0000] {taskinstance.py:1979} INFO - Dependencies all met for dep_context=non-requeueable deps ti=<TaskInstance: daily_user_segmentation.extract_raw_events manual__2025-12-01T12:57:29+00:00 [queued]>
[2025-12-01T13:05:51.856+0000] {taskinstance.py:1979} INFO - Dependencies all met for dep_context=requeueable deps ti=<TaskInstance: daily_user_segmentation.extract_raw_events manual__2025-12-01T12:57:29+00:00 [queued]>
[2025-12-01T13:05:51.858+0000] {taskinstance.py:2193} INFO - Starting attempt 1 of 2
[2025-12-01T13:05:51.890+0000] {taskinstance.py:2217} INFO - Executing <Task(PythonOperator): extract_raw_events> on 2025-12-01 12:57:29+00:00
[2025-12-01T13:05:51.902+0000] {standard_task_runner.py:60} INFO - Started process 956 to run task
[2025-12-01T13:05:51.910+0000] {standard_task_runner.py:87} INFO - Running: ['***', 'tasks', 'run', 'daily_user_segmentation', 'extract_raw_events', 'manual__2025-12-01T12:57:29+00:00', '--job-id', '18', '--raw', '--subdir', 'DAGS_FOLDER/daily_user_segmentation_dag.py', '--cfg-path', '/tmp/tmpgsmdj3ls']
[2025-12-01T13:05:51.914+0000] {standard_task_runner.py:88} INFO - Job 18: Subtask extract_raw_events
[2025-12-01T13:05:52.041+0000] {task_command.py:423} INFO - Running <TaskInstance: daily_user_segmentation.extract_raw_events manual__2025-12-01T12:57:29+00:00 [running]> on host d4a7043b2403
[2025-12-01T13:05:52.177+0000] {taskinstance.py:2513} INFO - Exporting env vars: AIRFLOW_CTX_DAG_OWNER='***' AIRFLOW_CTX_DAG_ID='daily_user_segmentation' AIRFLOW_CTX_TASK_ID='extract_raw_events' AIRFLOW_CTX_EXECUTION_DATE='2025-12-01T12:57:29+00:00' AIRFLOW_CTX_TRY_NUMBER='1' AIRFLOW_CTX_DAG_RUN_ID='manual__2025-12-01T12:57:29+00:00'
[2025-12-01T13:05:52.181+0000] {logging_mixin.py:188} INFO - ================================================================================
[2025-12-01T13:05:52.182+0000] {logging_mixin.py:188} INFO - 📊 TASK 1: Extracting Raw Clickstream Events
[2025-12-01T13:05:52.183+0000] {logging_mixin.py:188} INFO - ================================================================================
[2025-12-01T13:05:52.191+0000] {logging_mixin.py:188} WARNING - /home/***/.local/lib/python3.8/site-packages/***/utils/context.py:315 AirflowContextDeprecationWarning: Accessing 'execution_date' from the template is deprecated and will be removed in a future version. Please use 'data_interval_start' or 'logical_date' instead.
[2025-12-01T13:05:52.240+0000] {logging_mixin.py:188} INFO - 
✅ Extracted 1000 events
[2025-12-01T13:05:52.241+0000] {logging_mixin.py:188} INFO - 📅 Date: 2025-12-01
[2025-12-01T13:05:52.242+0000] {logging_mixin.py:188} INFO - 
Event Type Distribution:
[2025-12-01T13:05:52.251+0000] {logging_mixin.py:188} INFO - event_type
view           678
add_to_cart    207
purchase       115
Name: count, dtype: int64
[2025-12-01T13:05:52.283+0000] {python.py:202} INFO - Done. Returned value was: Extracted 1000 events
[2025-12-01T13:05:52.314+0000] {taskinstance.py:1149} INFO - Marking task as SUCCESS. dag_id=daily_user_segmentation, task_id=extract_raw_events, execution_date=20251201T125729, start_date=20251201T130551, end_date=20251201T130552
[2025-12-01T13:05:52.364+0000] {local_task_job_runner.py:234} INFO - Task exited with return code 0
[2025-12-01T13:05:52.443+0000] {taskinstance.py:3312} INFO - 1 downstream tasks scheduled from follow-on schedule check
