[2025-12-01T13:17:32.223+0000] {taskinstance.py:1979} INFO - Dependencies all met for dep_context=non-requeueable deps ti=<TaskInstance: conversion_rate_analytics.generate_conversion_report manual__2025-12-01T13:17:25.997988+00:00 [queued]>
[2025-12-01T13:17:32.237+0000] {taskinstance.py:1979} INFO - Dependencies all met for dep_context=requeueable deps ti=<TaskInstance: conversion_rate_analytics.generate_conversion_report manual__2025-12-01T13:17:25.997988+00:00 [queued]>
[2025-12-01T13:17:32.238+0000] {taskinstance.py:2193} INFO - Starting attempt 1 of 2
[2025-12-01T13:17:32.267+0000] {taskinstance.py:2217} INFO - Executing <Task(PythonOperator): generate_conversion_report> on 2025-12-01 13:17:25.997988+00:00
[2025-12-01T13:17:32.286+0000] {standard_task_runner.py:60} INFO - Started process 1514 to run task
[2025-12-01T13:17:32.307+0000] {standard_task_runner.py:87} INFO - Running: ['***', 'tasks', 'run', 'conversion_rate_analytics', 'generate_conversion_report', 'manual__2025-12-01T13:17:25.997988+00:00', '--job-id', '44', '--raw', '--subdir', 'DAGS_FOLDER/conversion_rate_analytics_dag.py', '--cfg-path', '/tmp/tmpxc40r1ls']
[2025-12-01T13:17:32.319+0000] {standard_task_runner.py:88} INFO - Job 44: Subtask generate_conversion_report
[2025-12-01T13:17:32.590+0000] {task_command.py:423} INFO - Running <TaskInstance: conversion_rate_analytics.generate_conversion_report manual__2025-12-01T13:17:25.997988+00:00 [running]> on host d4a7043b2403
[2025-12-01T13:17:32.795+0000] {taskinstance.py:2513} INFO - Exporting env vars: AIRFLOW_CTX_DAG_OWNER='***' AIRFLOW_CTX_DAG_ID='conversion_rate_analytics' AIRFLOW_CTX_TASK_ID='generate_conversion_report' AIRFLOW_CTX_EXECUTION_DATE='2025-12-01T13:17:25.997988+00:00' AIRFLOW_CTX_TRY_NUMBER='1' AIRFLOW_CTX_DAG_RUN_ID='manual__2025-12-01T13:17:25.997988+00:00'
[2025-12-01T13:17:32.800+0000] {logging_mixin.py:188} INFO - ================================================================================
[2025-12-01T13:17:32.803+0000] {logging_mixin.py:188} INFO - 📧 TASK 4: Generating Conversion Rate Report
[2025-12-01T13:17:32.805+0000] {logging_mixin.py:188} INFO - ================================================================================
[2025-12-01T13:17:32.988+0000] {logging_mixin.py:188} WARNING - /home/***/.local/lib/python3.8/site-packages/***/utils/context.py:315 AirflowContextDeprecationWarning: Accessing 'execution_date' from the template is deprecated and will be removed in a future version. Please use 'data_interval_start' or 'logical_date' instead.
[2025-12-01T13:17:33.013+0000] {logging_mixin.py:188} INFO - 
================================================================================
📊 CONVERSION RATE ANALYTICS REPORT
================================================================================

Analysis Date: 2025-12-01
Generated: 2025-12-01 13:17:32

================================================================================
OVERALL METRICS
================================================================================

Total Views:              2,256
Total Purchases:          255
Overall Conversion Rate:  11.3%

Best Category:            Sports (18.7%)
Worst Category:           Electronics (7.21%)

================================================================================
CONVERSION RATES BY CATEGORY
================================================================================


📦 Sports
--------------------------------------------------------------------------------
Views:                    246
Add to Cart:              74
Purchases:                46
Conversion Rate:          18.7%
Cart Rate:                30.08%
Purchase from Cart:       62.16%


📦 Books
--------------------------------------------------------------------------------
Views:                    211
Add to Cart:              67
Purchases:                34
Conversion Rate:          16.11%
Cart Rate:                31.75%
Purchase from Cart:       50.75%


📦 Home & Garden
--------------------------------------------------------------------------------
Views:                    359
Add to Cart:              108
Purchases:                56
Conversion Rate:          15.6%
Cart Rate:                30.08%
Purchase from Cart:       51.85%


📦 Clothing
--------------------------------------------------------------------------------
Views:                    511
Add to Cart:              108
Purchases:                52
Conversion Rate:          10.18%
Cart Rate:                21.14%
Purchase from Cart:       48.15%


📦 Electronics
--------------------------------------------------------------------------------
Views:                    929
Add to Cart:              132
Purchases:                67
Conversion Rate:          7.21%
Cart Rate:                14.21%
Purchase from Cart:       50.76%


================================================================================
🏆 TOP 5 PRODUCTS (Highest Conversion)
================================================================================

  prod_0046 (Sports): 46.15% (6/13)
  prod_0093 (Home & Garden): 41.18% (7/17)
  prod_0023 (Home & Garden): 33.33% (5/15)
  prod_0033 (Clothing): 31.25% (5/16)
  prod_0084 (Home & Garden): 31.25% (5/16)

================================================================================
⚠️  BOTTOM 5 PRODUCTS (Lowest Conversion - Needs Attention)
================================================================================

  prod_0026 (Home & Garden): 0.0% (0/10)
  prod_0027 (Clothing): 0.0% (0/25)
  prod_0047 (Clothing): 0.0% (0/13)
  prod_0062 (Clothing): 0.0% (0/16)
  prod_0065 (Sports): 0.0% (0/19)

================================================================================
KEY INSIGHTS & RECOMMENDATIONS
================================================================================

✅ Strong Performance:
   • Sports category shows highest conversion (18.7%)
   • Focus marketing efforts on successful products
   
⚠️  Needs Improvement:
   • Electronics category needs optimization (7.21%)
   • Review pricing, product descriptions, and images for low-converting items
   
💡 Action Items:
   1. Investigate why bottom 5 products have low conversion
   2. A/B test different pricing strategies for underperforming categories
   3. Consider flash sales for high-view, low-purchase products
   4. Optimize product pages for categories below 11.3% conversion

================================================================================
        
[2025-12-01T13:17:33.016+0000] {logging_mixin.py:188} INFO - 
✅ Report generated successfully
[2025-12-01T13:17:33.019+0000] {logging_mixin.py:188} INFO - 📁 Report would be saved to: /tmp/conversion_rate_report_20251201.txt
[2025-12-01T13:17:33.021+0000] {python.py:202} INFO - Done. Returned value was: Report generated successfully
[2025-12-01T13:17:33.080+0000] {taskinstance.py:1149} INFO - Marking task as SUCCESS. dag_id=conversion_rate_analytics, task_id=generate_conversion_report, execution_date=20251201T131725, start_date=20251201T131732, end_date=20251201T131733
[2025-12-01T13:17:33.127+0000] {local_task_job_runner.py:234} INFO - Task exited with return code 0
[2025-12-01T13:17:33.148+0000] {taskinstance.py:3312} INFO - 0 downstream tasks scheduled from follow-on schedule check
