[2025-12-01T13:19:54.921+0000] {taskinstance.py:1979} INFO - Dependencies all met for dep_context=non-requeueable deps ti=<TaskInstance: daily_user_segmentation.extract_raw_events manual__2025-12-01T13:19:52+00:00 [queued]>
[2025-12-01T13:19:54.934+0000] {taskinstance.py:1979} INFO - Dependencies all met for dep_context=requeueable deps ti=<TaskInstance: daily_user_segmentation.extract_raw_events manual__2025-12-01T13:19:52+00:00 [queued]>
[2025-12-01T13:19:54.935+0000] {taskinstance.py:2193} INFO - Starting attempt 1 of 2
[2025-12-01T13:19:54.956+0000] {taskinstance.py:2217} INFO - Executing <Task(PythonOperator): extract_raw_events> on 2025-12-01 13:19:52+00:00
[2025-12-01T13:19:54.967+0000] {standard_task_runner.py:60} INFO - Started process 1698 to run task
[2025-12-01T13:19:54.972+0000] {standard_task_runner.py:87} INFO - Running: ['***', 'tasks', 'run', 'daily_user_segmentation', 'extract_raw_events', 'manual__2025-12-01T13:19:52+00:00', '--job-id', '54', '--raw', '--subdir', 'DAGS_FOLDER/daily_user_segmentation_dag.py', '--cfg-path', '/tmp/tmp1_57ap2j']
[2025-12-01T13:19:54.976+0000] {standard_task_runner.py:88} INFO - Job 54: Subtask extract_raw_events
[2025-12-01T13:19:55.148+0000] {task_command.py:423} INFO - Running <TaskInstance: daily_user_segmentation.extract_raw_events manual__2025-12-01T13:19:52+00:00 [running]> on host d4a7043b2403
[2025-12-01T13:19:55.493+0000] {taskinstance.py:2513} INFO - Exporting env vars: AIRFLOW_CTX_DAG_OWNER='***' AIRFLOW_CTX_DAG_ID='daily_user_segmentation' AIRFLOW_CTX_TASK_ID='extract_raw_events' AIRFLOW_CTX_EXECUTION_DATE='2025-12-01T13:19:52+00:00' AIRFLOW_CTX_TRY_NUMBER='1' AIRFLOW_CTX_DAG_RUN_ID='manual__2025-12-01T13:19:52+00:00'
[2025-12-01T13:19:55.498+0000] {logging_mixin.py:188} INFO - ================================================================================
[2025-12-01T13:19:55.500+0000] {logging_mixin.py:188} INFO - 📊 TASK 1: Extracting Raw Clickstream Events
[2025-12-01T13:19:55.502+0000] {logging_mixin.py:188} INFO - ================================================================================
[2025-12-01T13:19:55.525+0000] {logging_mixin.py:188} WARNING - /home/***/.local/lib/python3.8/site-packages/***/utils/context.py:315 AirflowContextDeprecationWarning: Accessing 'execution_date' from the template is deprecated and will be removed in a future version. Please use 'data_interval_start' or 'logical_date' instead.
[2025-12-01T13:19:55.698+0000] {logging_mixin.py:188} INFO - 
✅ Extracted 1000 events
[2025-12-01T13:19:55.701+0000] {logging_mixin.py:188} INFO - 📅 Date: 2025-12-01
[2025-12-01T13:19:55.703+0000] {logging_mixin.py:188} INFO - 
Event Type Distribution:
[2025-12-01T13:19:55.716+0000] {logging_mixin.py:188} INFO - event_type
view           684
add_to_cart    221
purchase        95
Name: count, dtype: int64
[2025-12-01T13:19:55.771+0000] {python.py:202} INFO - Done. Returned value was: Extracted 1000 events
[2025-12-01T13:19:55.793+0000] {taskinstance.py:1149} INFO - Marking task as SUCCESS. dag_id=daily_user_segmentation, task_id=extract_raw_events, execution_date=20251201T131952, start_date=20251201T131954, end_date=20251201T131955
[2025-12-01T13:19:55.830+0000] {local_task_job_runner.py:234} INFO - Task exited with return code 0
[2025-12-01T13:19:55.862+0000] {taskinstance.py:3312} INFO - 1 downstream tasks scheduled from follow-on schedule check
