[2025-12-01T13:06:13.651+0000] {taskinstance.py:1979} INFO - Dependencies all met for dep_context=non-requeueable deps ti=<TaskInstance: top_products_daily_report.extract_product_views manual__2025-12-01T12:55:02+00:00 [queued]>
[2025-12-01T13:06:13.665+0000] {taskinstance.py:1979} INFO - Dependencies all met for dep_context=requeueable deps ti=<TaskInstance: top_products_daily_report.extract_product_views manual__2025-12-01T12:55:02+00:00 [queued]>
[2025-12-01T13:06:13.667+0000] {taskinstance.py:2193} INFO - Starting attempt 1 of 2
[2025-12-01T13:06:13.689+0000] {taskinstance.py:2217} INFO - Executing <Task(PythonOperator): extract_product_views> on 2025-12-01 12:55:02+00:00
[2025-12-01T13:06:13.700+0000] {standard_task_runner.py:60} INFO - Started process 1015 to run task
[2025-12-01T13:06:13.707+0000] {standard_task_runner.py:87} INFO - Running: ['***', 'tasks', 'run', 'top_products_daily_report', 'extract_product_views', 'manual__2025-12-01T12:55:02+00:00', '--job-id', '30', '--raw', '--subdir', 'DAGS_FOLDER/top_products_daily_dag.py', '--cfg-path', '/tmp/tmpxmldzeqz']
[2025-12-01T13:06:13.712+0000] {standard_task_runner.py:88} INFO - Job 30: Subtask extract_product_views
[2025-12-01T13:06:13.833+0000] {task_command.py:423} INFO - Running <TaskInstance: top_products_daily_report.extract_product_views manual__2025-12-01T12:55:02+00:00 [running]> on host d4a7043b2403
[2025-12-01T13:06:13.979+0000] {taskinstance.py:2513} INFO - Exporting env vars: AIRFLOW_CTX_DAG_OWNER='***' AIRFLOW_CTX_DAG_ID='top_products_daily_report' AIRFLOW_CTX_TASK_ID='extract_product_views' AIRFLOW_CTX_EXECUTION_DATE='2025-12-01T12:55:02+00:00' AIRFLOW_CTX_TRY_NUMBER='1' AIRFLOW_CTX_DAG_RUN_ID='manual__2025-12-01T12:55:02+00:00'
[2025-12-01T13:06:13.982+0000] {logging_mixin.py:188} INFO - ================================================================================
[2025-12-01T13:06:13.983+0000] {logging_mixin.py:188} INFO - 📊 TASK 1: Extracting Product View Events
[2025-12-01T13:06:13.984+0000] {logging_mixin.py:188} INFO - ================================================================================
[2025-12-01T13:06:13.993+0000] {logging_mixin.py:188} WARNING - /home/***/.local/lib/python3.8/site-packages/***/utils/context.py:315 AirflowContextDeprecationWarning: Accessing 'execution_date' from the template is deprecated and will be removed in a future version. Please use 'data_interval_start' or 'logical_date' instead.
[2025-12-01T13:06:14.120+0000] {logging_mixin.py:188} INFO - 
✅ Extracted 2000 view events
[2025-12-01T13:06:14.121+0000] {logging_mixin.py:188} INFO - 📅 Date: 2025-12-01
[2025-12-01T13:06:14.122+0000] {logging_mixin.py:188} INFO - 
Top 10 Products by View Count:
[2025-12-01T13:06:14.127+0000] {logging_mixin.py:188} INFO - product_id
prod_0042    397
prod_0090     25
prod_0040     23
prod_0100     23
prod_0016     23
prod_0078     23
prod_0073     23
prod_0006     23
prod_0041     22
prod_0039     22
Name: count, dtype: int64
[2025-12-01T13:06:14.174+0000] {python.py:202} INFO - Done. Returned value was: Extracted 2000 view events
[2025-12-01T13:06:14.202+0000] {taskinstance.py:1149} INFO - Marking task as SUCCESS. dag_id=top_products_daily_report, task_id=extract_product_views, execution_date=20251201T125502, start_date=20251201T130613, end_date=20251201T130614
[2025-12-01T13:06:14.241+0000] {local_task_job_runner.py:234} INFO - Task exited with return code 0
[2025-12-01T13:06:14.281+0000] {taskinstance.py:3312} INFO - 1 downstream tasks scheduled from follow-on schedule check
