[2025-12-01T13:00:08.768+0000] {taskinstance.py:1979} INFO - Dependencies all met for dep_context=non-requeueable deps ti=<TaskInstance: conversion_rate_analytics.save_conversion_analytics manual__2025-12-01T12:57:41+00:00 [queued]>
[2025-12-01T13:00:08.786+0000] {taskinstance.py:1979} INFO - Dependencies all met for dep_context=requeueable deps ti=<TaskInstance: conversion_rate_analytics.save_conversion_analytics manual__2025-12-01T12:57:41+00:00 [queued]>
[2025-12-01T13:00:08.787+0000] {taskinstance.py:2193} INFO - Starting attempt 1 of 2
[2025-12-01T13:00:08.812+0000] {taskinstance.py:2217} INFO - Executing <Task(PythonOperator): save_conversion_analytics> on 2025-12-01 12:57:41+00:00
[2025-12-01T13:00:08.822+0000] {standard_task_runner.py:60} INFO - Started process 726 to run task
[2025-12-01T13:00:08.832+0000] {standard_task_runner.py:87} INFO - Running: ['***', 'tasks', 'run', 'conversion_rate_analytics', 'save_conversion_analytics', 'manual__2025-12-01T12:57:41+00:00', '--job-id', '15', '--raw', '--subdir', 'DAGS_FOLDER/conversion_rate_analytics_dag.py', '--cfg-path', '/tmp/tmpq0kpcyi4']
[2025-12-01T13:00:08.839+0000] {standard_task_runner.py:88} INFO - Job 15: Subtask save_conversion_analytics
[2025-12-01T13:00:08.979+0000] {task_command.py:423} INFO - Running <TaskInstance: conversion_rate_analytics.save_conversion_analytics manual__2025-12-01T12:57:41+00:00 [running]> on host d4a7043b2403
[2025-12-01T13:00:09.137+0000] {taskinstance.py:2513} INFO - Exporting env vars: AIRFLOW_CTX_DAG_OWNER='***' AIRFLOW_CTX_DAG_ID='conversion_rate_analytics' AIRFLOW_CTX_TASK_ID='save_conversion_analytics' AIRFLOW_CTX_EXECUTION_DATE='2025-12-01T12:57:41+00:00' AIRFLOW_CTX_TRY_NUMBER='1' AIRFLOW_CTX_DAG_RUN_ID='manual__2025-12-01T12:57:41+00:00'
[2025-12-01T13:00:09.140+0000] {logging_mixin.py:188} INFO - ================================================================================
[2025-12-01T13:00:09.141+0000] {logging_mixin.py:188} INFO - 💾 TASK 3: Saving Conversion Analytics
[2025-12-01T13:00:09.142+0000] {logging_mixin.py:188} INFO - ================================================================================
[2025-12-01T13:00:09.409+0000] {logging_mixin.py:188} WARNING - /home/***/.local/lib/python3.8/site-packages/***/utils/context.py:315 AirflowContextDeprecationWarning: Accessing 'execution_date' from the template is deprecated and will be removed in a future version. Please use 'data_interval_start' or 'logical_date' instead.
[2025-12-01T13:00:09.410+0000] {logging_mixin.py:188} INFO - 
💾 Saving conversion analytics to database...
[2025-12-01T13:00:09.411+0000] {logging_mixin.py:188} INFO - 📅 Analysis Date: 2025-12-01
[2025-12-01T13:00:09.412+0000] {logging_mixin.py:188} INFO - 
✅ Would insert 5 category records
[2025-12-01T13:00:09.412+0000] {logging_mixin.py:188} INFO - 
📊 Overall Summary:
[2025-12-01T13:00:09.413+0000] {logging_mixin.py:188} INFO -    overall_views: 2248
[2025-12-01T13:00:09.414+0000] {logging_mixin.py:188} INFO -    overall_purchases: 240
[2025-12-01T13:00:09.415+0000] {logging_mixin.py:188} INFO -    overall_conversion_rate: 10.68
[2025-12-01T13:00:09.416+0000] {logging_mixin.py:188} INFO -    best_category: Sports
[2025-12-01T13:00:09.416+0000] {logging_mixin.py:188} INFO -    best_category_rate: 17.33
[2025-12-01T13:00:09.417+0000] {logging_mixin.py:188} INFO -    worst_category: Electronics
[2025-12-01T13:00:09.418+0000] {logging_mixin.py:188} INFO -    worst_category_rate: 4.83
[2025-12-01T13:00:09.419+0000] {python.py:202} INFO - Done. Returned value was: Conversion analytics saved successfully
[2025-12-01T13:00:09.453+0000] {taskinstance.py:1149} INFO - Marking task as SUCCESS. dag_id=conversion_rate_analytics, task_id=save_conversion_analytics, execution_date=20251201T125741, start_date=20251201T130008, end_date=20251201T130009
[2025-12-01T13:00:09.487+0000] {local_task_job_runner.py:234} INFO - Task exited with return code 0
[2025-12-01T13:00:09.512+0000] {taskinstance.py:3312} INFO - 0 downstream tasks scheduled from follow-on schedule check
